'2020-05-14 11:49:20,278 las INFO {'X-Custom': 'Test', 'Content-Length': '79', 'Content-Type': 'application/x-www-form-urlencoded'}
'2020-05-14 11:49:20,278 las INFO text=Pekka+Haavisto+on+ottanut+politiikassa+ymm%C3%A4rt%C3%A4j%C3%A4n&locale=fi
'2020-05-14 11:49:20,362 las INFO {'X-Custom': 'Test', 'Content-Length': '27', 'Content-Type': 'application/x-www-form-urlencoded'}
'2020-05-14 11:49:20,362 las INFO text=sovittelijan&locale=fi
'2020-05-14 11:49:20,416 las INFO {'X-Custom': 'Test', 'Content-Length': '37', 'Content-Type': 'application/x-www-form-urlencoded'}
'2020-05-14 11:49:20,416 las INFO text=mahdollistajan+roolit.&locale=fi
'2020-05-14 11:49:20,470 las INFO {'X-Custom': 'Test', 'Content-Length': '92', 'Content-Type': 'application/x-www-form-urlencoded'}
'2020-05-14 11:49:20,470 las INFO text=L%C3%A4hes+tuntematon+kolmekymppinen+hurmasi+1987+eduskuntavaalikeskustelussa&locale=fi
'2020-05-14 11:49:20,555 las INFO {'X-Custom': 'Test', 'Content-Length': '75', 'Content-Type': 'application/x-www-form-urlencoded'}
'2020-05-14 11:49:20,555 las INFO text=tuli+valituksi+vihreiden+toiseen+eduskuntaryhm%C3%A4%C3%A4n.&locale=fi
'2020-05-14 11:49:20,613 las INFO {'X-Custom': 'Test', 'Content-Length': '63', 'Content-Type': 'application/x-www-form-urlencoded'}
'2020-05-14 11:49:20,613 las INFO text=H%C3%A4n+on+toiminut+my%C3%B6s+ministerin%C3%A4.&locale=fi
'2020-05-14 11:49:20,665 las INFO {'X-Custom': 'Test', 'Content-Length': '71', 'Content-Type': 'application/x-www-form-urlencoded'}
'2020-05-14 11:49:20,665 las INFO text=Haavisto+on+tehnyt+lis%C3%A4ksi+kansainv%C3%A4lisen+uran&locale=fi
'2020-05-14 11:49:20,721 las INFO {'X-Custom': 'Test', 'Content-Length': '125', 'Content-Type': 'application/x-www-form-urlencoded'}
'2020-05-14 11:49:20,721 las INFO text=sill%C3%A4+h%C3%A4nen+sovittelijan+kykyj%C3%A4%C3%A4n+ovat+k%C3%A4ytt%C3%A4neet+ulkoministeri%C3%B6n+ohella+YK&locale=fi
'2020-05-14 11:49:20,779 las INFO {'X-Custom': 'Test', 'Content-Length': '26', 'Content-Type': 'application/x-www-form-urlencoded'}
'2020-05-14 11:49:20,779 las INFO text=EU+Aasiassa&locale=fi
'2020-05-14 11:49:20,828 las INFO {'X-Custom': 'Test', 'Content-Length': '41', 'Content-Type': 'application/x-www-form-urlencoded'}
'2020-05-14 11:49:20,828 las INFO text=+Afrikassa+ja++Euroopassa.&locale=fi
'2020-05-14 11:49:20,879 las INFO {'X-Custom': 'Test', 'Content-Length': '84', 'Content-Type': 'application/x-www-form-urlencoded'}
'2020-05-14 11:49:20,879 las INFO text=Haaviston+suosio+on+ulottunut+laajemmalle+kuin+h%C3%A4nen+puolueensa.&locale=fi
'2020-05-14 11:49:20,956 las INFO {'X-Custom': 'Test', 'Content-Length': '49', 'Content-Type': 'application/x-www-form-urlencoded'}
'2020-05-14 11:49:20,956 las INFO text=Sen+osoitti+2012+presidentinvaalit&locale=fi
'2020-05-14 11:49:21,007 las INFO {'X-Custom': 'Test', 'Content-Length': '69', 'Content-Type': 'application/x-www-form-urlencoded'}
'2020-05-14 11:49:21,007 las INFO text=joiden+toiselle+kierrokselle+Haavisto+p%C3%A4%C3%A4si.&locale=fi
'2020-05-14 11:49:35,094 las INFO {'X-Custom': 'Test', 'Content-Length': '79', 'Content-Type': 'application/x-www-form-urlencoded'}
'2020-05-14 11:49:35,094 las INFO text=Pekka+Haavisto+on+ottanut+politiikassa+ymm%C3%A4rt%C3%A4j%C3%A4n&locale=fi
'2020-05-14 11:49:35,167 las INFO {'X-Custom': 'Test', 'Content-Length': '27', 'Content-Type': 'application/x-www-form-urlencoded'}
'2020-05-14 11:49:35,167 las INFO text=sovittelijan&locale=fi
'2020-05-14 11:49:35,211 las INFO {'X-Custom': 'Test', 'Content-Length': '37', 'Content-Type': 'application/x-www-form-urlencoded'}
'2020-05-14 11:49:35,211 las INFO text=mahdollistajan+roolit.&locale=fi
'2020-05-14 11:49:35,264 las INFO {'X-Custom': 'Test', 'Content-Length': '92', 'Content-Type': 'application/x-www-form-urlencoded'}
'2020-05-14 11:49:35,264 las INFO text=L%C3%A4hes+tuntematon+kolmekymppinen+hurmasi+1987+eduskuntavaalikeskustelussa&locale=fi
'2020-05-14 11:49:35,342 las INFO {'X-Custom': 'Test', 'Content-Length': '75', 'Content-Type': 'application/x-www-form-urlencoded'}
'2020-05-14 11:49:35,343 las INFO text=tuli+valituksi+vihreiden+toiseen+eduskuntaryhm%C3%A4%C3%A4n.&locale=fi
'2020-05-14 11:49:35,410 las INFO {'X-Custom': 'Test', 'Content-Length': '63', 'Content-Type': 'application/x-www-form-urlencoded'}
'2020-05-14 11:49:35,411 las INFO text=H%C3%A4n+on+toiminut+my%C3%B6s+ministerin%C3%A4.&locale=fi
'2020-05-14 11:49:35,470 las INFO {'X-Custom': 'Test', 'Content-Length': '71', 'Content-Type': 'application/x-www-form-urlencoded'}
'2020-05-14 11:49:35,470 las INFO text=Haavisto+on+tehnyt+lis%C3%A4ksi+kansainv%C3%A4lisen+uran&locale=fi
'2020-05-14 11:49:35,535 las INFO {'X-Custom': 'Test', 'Content-Length': '125', 'Content-Type': 'application/x-www-form-urlencoded'}
'2020-05-14 11:49:35,535 las INFO text=sill%C3%A4+h%C3%A4nen+sovittelijan+kykyj%C3%A4%C3%A4n+ovat+k%C3%A4ytt%C3%A4neet+ulkoministeri%C3%B6n+ohella+YK&locale=fi
'2020-05-14 11:49:35,610 las INFO {'X-Custom': 'Test', 'Content-Length': '26', 'Content-Type': 'application/x-www-form-urlencoded'}
'2020-05-14 11:49:35,610 las INFO text=EU+Aasiassa&locale=fi
'2020-05-14 11:49:35,653 las INFO {'X-Custom': 'Test', 'Content-Length': '41', 'Content-Type': 'application/x-www-form-urlencoded'}
'2020-05-14 11:49:35,653 las INFO text=+Afrikassa+ja++Euroopassa.&locale=fi
'2020-05-14 11:49:36,718 las INFO {'X-Custom': 'Test', 'Content-Length': '84', 'Content-Type': 'application/x-www-form-urlencoded'}
'2020-05-14 11:49:36,718 las INFO text=Haaviston+suosio+on+ulottunut+laajemmalle+kuin+h%C3%A4nen+puolueensa.&locale=fi
'2020-05-14 11:49:36,792 las INFO {'X-Custom': 'Test', 'Content-Length': '49', 'Content-Type': 'application/x-www-form-urlencoded'}
'2020-05-14 11:49:36,792 las INFO text=Sen+osoitti+2012+presidentinvaalit&locale=fi
'2020-05-14 11:49:36,839 las INFO {'X-Custom': 'Test', 'Content-Length': '69', 'Content-Type': 'application/x-www-form-urlencoded'}
'2020-05-14 11:49:36,839 las INFO text=joiden+toiselle+kierrokselle+Haavisto+p%C3%A4%C3%A4si.&locale=fi
'2020-05-14 12:16:02,395 las INFO {'X-Custom': 'Test', 'Content-Length': '79', 'Content-Type': 'application/x-www-form-urlencoded'}
'2020-05-14 12:16:02,395 las INFO text=Pekka+Haavisto+on+ottanut+politiikassa+ymm%C3%A4rt%C3%A4j%C3%A4n&locale=fi
'2020-05-14 12:16:02,576 las INFO {'X-Custom': 'Test', 'Content-Length': '27', 'Content-Type': 'application/x-www-form-urlencoded'}
'2020-05-14 12:16:02,576 las INFO text=sovittelijan&locale=fi
'2020-05-14 12:16:02,718 las INFO {'X-Custom': 'Test', 'Content-Length': '37', 'Content-Type': 'application/x-www-form-urlencoded'}
'2020-05-14 12:16:02,718 las INFO text=mahdollistajan+roolit.&locale=fi
'2020-05-14 12:16:02,769 las INFO {'X-Custom': 'Test', 'Content-Length': '92', 'Content-Type': 'application/x-www-form-urlencoded'}
'2020-05-14 12:16:02,769 las INFO text=L%C3%A4hes+tuntematon+kolmekymppinen+hurmasi+1987+eduskuntavaalikeskustelussa&locale=fi
'2020-05-14 12:16:02,865 las INFO {'X-Custom': 'Test', 'Content-Length': '75', 'Content-Type': 'application/x-www-form-urlencoded'}
'2020-05-14 12:16:02,865 las INFO text=tuli+valituksi+vihreiden+toiseen+eduskuntaryhm%C3%A4%C3%A4n.&locale=fi
'2020-05-14 12:16:02,936 las INFO {'X-Custom': 'Test', 'Content-Length': '63', 'Content-Type': 'application/x-www-form-urlencoded'}
'2020-05-14 12:16:02,936 las INFO text=H%C3%A4n+on+toiminut+my%C3%B6s+ministerin%C3%A4.&locale=fi
'2020-05-14 12:16:02,990 las INFO {'X-Custom': 'Test', 'Content-Length': '71', 'Content-Type': 'application/x-www-form-urlencoded'}
'2020-05-14 12:16:02,990 las INFO text=Haavisto+on+tehnyt+lis%C3%A4ksi+kansainv%C3%A4lisen+uran&locale=fi
'2020-05-14 12:16:03,066 las INFO {'X-Custom': 'Test', 'Content-Length': '125', 'Content-Type': 'application/x-www-form-urlencoded'}
'2020-05-14 12:16:03,066 las INFO text=sill%C3%A4+h%C3%A4nen+sovittelijan+kykyj%C3%A4%C3%A4n+ovat+k%C3%A4ytt%C3%A4neet+ulkoministeri%C3%B6n+ohella+YK&locale=fi
'2020-05-14 12:16:03,149 las INFO {'X-Custom': 'Test', 'Content-Length': '26', 'Content-Type': 'application/x-www-form-urlencoded'}
'2020-05-14 12:16:03,149 las INFO text=EU+Aasiassa&locale=fi
'2020-05-14 12:16:03,196 las INFO {'X-Custom': 'Test', 'Content-Length': '41', 'Content-Type': 'application/x-www-form-urlencoded'}
'2020-05-14 12:16:03,196 las INFO text=+Afrikassa+ja++Euroopassa.&locale=fi
'2020-05-14 12:16:03,259 las INFO {'X-Custom': 'Test', 'Content-Length': '84', 'Content-Type': 'application/x-www-form-urlencoded'}
'2020-05-14 12:16:03,259 las INFO text=Haaviston+suosio+on+ulottunut+laajemmalle+kuin+h%C3%A4nen+puolueensa.&locale=fi
'2020-05-14 12:16:03,319 las INFO {'X-Custom': 'Test', 'Content-Length': '49', 'Content-Type': 'application/x-www-form-urlencoded'}
'2020-05-14 12:16:03,319 las INFO text=Sen+osoitti+2012+presidentinvaalit&locale=fi
'2020-05-14 12:16:03,395 las INFO {'X-Custom': 'Test', 'Content-Length': '69', 'Content-Type': 'application/x-www-form-urlencoded'}
'2020-05-14 12:16:03,395 las INFO text=joiden+toiselle+kierrokselle+Haavisto+p%C3%A4%C3%A4si.&locale=fi
'2020-05-14 12:17:02,135 las INFO {'X-Custom': 'Test', 'Content-Length': '79', 'Content-Type': 'application/x-www-form-urlencoded'}
'2020-05-14 12:17:02,136 las INFO text=Pekka+Haavisto+on+ottanut+politiikassa+ymm%C3%A4rt%C3%A4j%C3%A4n&locale=fi
'2020-05-14 12:17:02,232 las INFO {'X-Custom': 'Test', 'Content-Length': '27', 'Content-Type': 'application/x-www-form-urlencoded'}
'2020-05-14 12:17:02,232 las INFO text=sovittelijan&locale=fi
'2020-05-14 12:17:02,284 las INFO {'X-Custom': 'Test', 'Content-Length': '37', 'Content-Type': 'application/x-www-form-urlencoded'}
'2020-05-14 12:17:02,284 las INFO text=mahdollistajan+roolit.&locale=fi
'2020-05-14 12:17:02,342 las INFO {'X-Custom': 'Test', 'Content-Length': '92', 'Content-Type': 'application/x-www-form-urlencoded'}
'2020-05-14 12:17:02,343 las INFO text=L%C3%A4hes+tuntematon+kolmekymppinen+hurmasi+1987+eduskuntavaalikeskustelussa&locale=fi
'2020-05-14 12:17:02,417 las INFO {'X-Custom': 'Test', 'Content-Length': '75', 'Content-Type': 'application/x-www-form-urlencoded'}
'2020-05-14 12:17:02,417 las INFO text=tuli+valituksi+vihreiden+toiseen+eduskuntaryhm%C3%A4%C3%A4n.&locale=fi
'2020-05-14 12:17:02,477 las INFO {'X-Custom': 'Test', 'Content-Length': '63', 'Content-Type': 'application/x-www-form-urlencoded'}
'2020-05-14 12:17:02,477 las INFO text=H%C3%A4n+on+toiminut+my%C3%B6s+ministerin%C3%A4.&locale=fi
'2020-05-14 12:17:02,549 las INFO {'X-Custom': 'Test', 'Content-Length': '71', 'Content-Type': 'application/x-www-form-urlencoded'}
'2020-05-14 12:17:02,549 las INFO text=Haavisto+on+tehnyt+lis%C3%A4ksi+kansainv%C3%A4lisen+uran&locale=fi
'2020-05-14 12:17:02,606 las INFO {'X-Custom': 'Test', 'Content-Length': '125', 'Content-Type': 'application/x-www-form-urlencoded'}
'2020-05-14 12:17:02,606 las INFO text=sill%C3%A4+h%C3%A4nen+sovittelijan+kykyj%C3%A4%C3%A4n+ovat+k%C3%A4ytt%C3%A4neet+ulkoministeri%C3%B6n+ohella+YK&locale=fi
'2020-05-14 12:17:02,673 las INFO {'X-Custom': 'Test', 'Content-Length': '26', 'Content-Type': 'application/x-www-form-urlencoded'}
'2020-05-14 12:17:02,673 las INFO text=EU+Aasiassa&locale=fi
'2020-05-14 12:17:02,715 las INFO {'X-Custom': 'Test', 'Content-Length': '41', 'Content-Type': 'application/x-www-form-urlencoded'}
'2020-05-14 12:17:02,715 las INFO text=+Afrikassa+ja++Euroopassa.&locale=fi
'2020-05-14 12:17:02,769 las INFO {'X-Custom': 'Test', 'Content-Length': '84', 'Content-Type': 'application/x-www-form-urlencoded'}
'2020-05-14 12:17:02,769 las INFO text=Haaviston+suosio+on+ulottunut+laajemmalle+kuin+h%C3%A4nen+puolueensa.&locale=fi
'2020-05-14 12:17:02,838 las INFO {'X-Custom': 'Test', 'Content-Length': '49', 'Content-Type': 'application/x-www-form-urlencoded'}
'2020-05-14 12:17:02,838 las INFO text=Sen+osoitti+2012+presidentinvaalit&locale=fi
'2020-05-14 12:17:02,901 las INFO {'X-Custom': 'Test', 'Content-Length': '69', 'Content-Type': 'application/x-www-form-urlencoded'}
'2020-05-14 12:17:02,901 las INFO text=joiden+toiselle+kierrokselle+Haavisto+p%C3%A4%C3%A4si.&locale=fi
'2020-05-14 12:33:35,147 las INFO {'X-Custom': 'Test', 'Content-Length': '79', 'Content-Type': 'application/x-www-form-urlencoded'}
'2020-05-14 12:33:35,148 las INFO text=Pekka+Haavisto+on+ottanut+politiikassa+ymm%C3%A4rt%C3%A4j%C3%A4n&locale=fi
'2020-05-14 12:33:35,257 las INFO {'X-Custom': 'Test', 'Content-Length': '27', 'Content-Type': 'application/x-www-form-urlencoded'}
'2020-05-14 12:33:35,257 las INFO text=sovittelijan&locale=fi
'2020-05-14 12:33:35,303 las INFO {'X-Custom': 'Test', 'Content-Length': '37', 'Content-Type': 'application/x-www-form-urlencoded'}
'2020-05-14 12:33:35,303 las INFO text=mahdollistajan+roolit.&locale=fi
'2020-05-14 12:33:35,351 las INFO {'X-Custom': 'Test', 'Content-Length': '92', 'Content-Type': 'application/x-www-form-urlencoded'}
'2020-05-14 12:33:35,352 las INFO text=L%C3%A4hes+tuntematon+kolmekymppinen+hurmasi+1987+eduskuntavaalikeskustelussa&locale=fi
'2020-05-14 12:33:35,416 las INFO {'X-Custom': 'Test', 'Content-Length': '75', 'Content-Type': 'application/x-www-form-urlencoded'}
'2020-05-14 12:33:35,416 las INFO text=tuli+valituksi+vihreiden+toiseen+eduskuntaryhm%C3%A4%C3%A4n.&locale=fi
'2020-05-14 12:33:35,466 las INFO {'X-Custom': 'Test', 'Content-Length': '63', 'Content-Type': 'application/x-www-form-urlencoded'}
'2020-05-14 12:33:35,466 las INFO text=H%C3%A4n+on+toiminut+my%C3%B6s+ministerin%C3%A4.&locale=fi
'2020-05-14 12:33:35,514 las INFO {'X-Custom': 'Test', 'Content-Length': '71', 'Content-Type': 'application/x-www-form-urlencoded'}
'2020-05-14 12:33:35,514 las INFO text=Haavisto+on+tehnyt+lis%C3%A4ksi+kansainv%C3%A4lisen+uran&locale=fi
'2020-05-14 12:33:35,566 las INFO {'X-Custom': 'Test', 'Content-Length': '125', 'Content-Type': 'application/x-www-form-urlencoded'}
'2020-05-14 12:33:35,566 las INFO text=sill%C3%A4+h%C3%A4nen+sovittelijan+kykyj%C3%A4%C3%A4n+ovat+k%C3%A4ytt%C3%A4neet+ulkoministeri%C3%B6n+ohella+YK&locale=fi
'2020-05-14 12:33:35,627 las INFO {'X-Custom': 'Test', 'Content-Length': '26', 'Content-Type': 'application/x-www-form-urlencoded'}
'2020-05-14 12:33:35,627 las INFO text=EU+Aasiassa&locale=fi
'2020-05-14 12:33:35,667 las INFO {'X-Custom': 'Test', 'Content-Length': '41', 'Content-Type': 'application/x-www-form-urlencoded'}
'2020-05-14 12:33:35,667 las INFO text=+Afrikassa+ja++Euroopassa.&locale=fi
'2020-05-14 12:33:35,714 las INFO {'X-Custom': 'Test', 'Content-Length': '84', 'Content-Type': 'application/x-www-form-urlencoded'}
'2020-05-14 12:33:35,714 las INFO text=Haaviston+suosio+on+ulottunut+laajemmalle+kuin+h%C3%A4nen+puolueensa.&locale=fi
'2020-05-14 12:33:35,817 las INFO {'X-Custom': 'Test', 'Content-Length': '49', 'Content-Type': 'application/x-www-form-urlencoded'}
'2020-05-14 12:33:35,817 las INFO text=Sen+osoitti+2012+presidentinvaalit&locale=fi
'2020-05-14 12:33:35,865 las INFO {'X-Custom': 'Test', 'Content-Length': '69', 'Content-Type': 'application/x-www-form-urlencoded'}
'2020-05-14 12:33:35,865 las INFO text=joiden+toiselle+kierrokselle+Haavisto+p%C3%A4%C3%A4si.&locale=fi
'2020-05-14 12:34:10,481 las INFO {'X-Custom': 'Test', 'Content-Length': '79', 'Content-Type': 'application/x-www-form-urlencoded'}
'2020-05-14 12:34:10,481 las INFO text=Pekka+Haavisto+on+ottanut+politiikassa+ymm%C3%A4rt%C3%A4j%C3%A4n&locale=fi
'2020-05-14 12:34:10,612 las INFO {'X-Custom': 'Test', 'Content-Length': '27', 'Content-Type': 'application/x-www-form-urlencoded'}
'2020-05-14 12:34:10,613 las INFO text=sovittelijan&locale=fi
'2020-05-14 12:34:10,660 las INFO {'X-Custom': 'Test', 'Content-Length': '37', 'Content-Type': 'application/x-www-form-urlencoded'}
'2020-05-14 12:34:10,660 las INFO text=mahdollistajan+roolit.&locale=fi
'2020-05-14 12:34:10,723 las INFO {'X-Custom': 'Test', 'Content-Length': '92', 'Content-Type': 'application/x-www-form-urlencoded'}
'2020-05-14 12:34:10,724 las INFO text=L%C3%A4hes+tuntematon+kolmekymppinen+hurmasi+1987+eduskuntavaalikeskustelussa&locale=fi
'2020-05-14 12:34:10,788 las INFO {'X-Custom': 'Test', 'Content-Length': '75', 'Content-Type': 'application/x-www-form-urlencoded'}
'2020-05-14 12:34:10,788 las INFO text=tuli+valituksi+vihreiden+toiseen+eduskuntaryhm%C3%A4%C3%A4n.&locale=fi
'2020-05-14 12:34:10,863 las INFO {'X-Custom': 'Test', 'Content-Length': '63', 'Content-Type': 'application/x-www-form-urlencoded'}
'2020-05-14 12:34:10,863 las INFO text=H%C3%A4n+on+toiminut+my%C3%B6s+ministerin%C3%A4.&locale=fi
'2020-05-14 12:34:10,926 las INFO {'X-Custom': 'Test', 'Content-Length': '71', 'Content-Type': 'application/x-www-form-urlencoded'}
'2020-05-14 12:34:10,926 las INFO text=Haavisto+on+tehnyt+lis%C3%A4ksi+kansainv%C3%A4lisen+uran&locale=fi
'2020-05-14 12:34:10,981 las INFO {'X-Custom': 'Test', 'Content-Length': '125', 'Content-Type': 'application/x-www-form-urlencoded'}
'2020-05-14 12:34:10,981 las INFO text=sill%C3%A4+h%C3%A4nen+sovittelijan+kykyj%C3%A4%C3%A4n+ovat+k%C3%A4ytt%C3%A4neet+ulkoministeri%C3%B6n+ohella+YK&locale=fi
'2020-05-14 12:34:11,064 las INFO {'X-Custom': 'Test', 'Content-Length': '26', 'Content-Type': 'application/x-www-form-urlencoded'}
'2020-05-14 12:34:11,064 las INFO text=EU+Aasiassa&locale=fi
'2020-05-14 12:34:11,109 las INFO {'X-Custom': 'Test', 'Content-Length': '41', 'Content-Type': 'application/x-www-form-urlencoded'}
'2020-05-14 12:34:11,109 las INFO text=+Afrikassa+ja++Euroopassa.&locale=fi
'2020-05-14 12:34:11,150 las INFO {'X-Custom': 'Test', 'Content-Length': '84', 'Content-Type': 'application/x-www-form-urlencoded'}
'2020-05-14 12:34:11,150 las INFO text=Haaviston+suosio+on+ulottunut+laajemmalle+kuin+h%C3%A4nen+puolueensa.&locale=fi
'2020-05-14 12:34:11,235 las INFO {'X-Custom': 'Test', 'Content-Length': '49', 'Content-Type': 'application/x-www-form-urlencoded'}
'2020-05-14 12:34:11,235 las INFO text=Sen+osoitti+2012+presidentinvaalit&locale=fi
'2020-05-14 12:34:11,282 las INFO {'X-Custom': 'Test', 'Content-Length': '69', 'Content-Type': 'application/x-www-form-urlencoded'}
'2020-05-14 12:34:11,282 las INFO text=joiden+toiselle+kierrokselle+Haavisto+p%C3%A4%C3%A4si.&locale=fi
'2020-05-14 12:34:39,616 las INFO {'X-Custom': 'Test', 'Content-Length': '79', 'Content-Type': 'application/x-www-form-urlencoded'}
'2020-05-14 12:34:39,616 las INFO text=Pekka+Haavisto+on+ottanut+politiikassa+ymm%C3%A4rt%C3%A4j%C3%A4n&locale=fi
'2020-05-14 12:34:39,689 las INFO {'X-Custom': 'Test', 'Content-Length': '27', 'Content-Type': 'application/x-www-form-urlencoded'}
'2020-05-14 12:34:39,689 las INFO text=sovittelijan&locale=fi
'2020-05-14 12:34:39,728 las INFO {'X-Custom': 'Test', 'Content-Length': '37', 'Content-Type': 'application/x-www-form-urlencoded'}
'2020-05-14 12:34:39,728 las INFO text=mahdollistajan+roolit.&locale=fi
'2020-05-14 12:34:39,779 las INFO {'X-Custom': 'Test', 'Content-Length': '92', 'Content-Type': 'application/x-www-form-urlencoded'}
'2020-05-14 12:34:39,779 las INFO text=L%C3%A4hes+tuntematon+kolmekymppinen+hurmasi+1987+eduskuntavaalikeskustelussa&locale=fi
'2020-05-14 12:34:39,858 las INFO {'X-Custom': 'Test', 'Content-Length': '75', 'Content-Type': 'application/x-www-form-urlencoded'}
'2020-05-14 12:34:39,858 las INFO text=tuli+valituksi+vihreiden+toiseen+eduskuntaryhm%C3%A4%C3%A4n.&locale=fi
'2020-05-14 12:34:39,912 las INFO {'X-Custom': 'Test', 'Content-Length': '63', 'Content-Type': 'application/x-www-form-urlencoded'}
'2020-05-14 12:34:39,912 las INFO text=H%C3%A4n+on+toiminut+my%C3%B6s+ministerin%C3%A4.&locale=fi
'2020-05-14 12:34:39,958 las INFO {'X-Custom': 'Test', 'Content-Length': '71', 'Content-Type': 'application/x-www-form-urlencoded'}
'2020-05-14 12:34:39,958 las INFO text=Haavisto+on+tehnyt+lis%C3%A4ksi+kansainv%C3%A4lisen+uran&locale=fi
'2020-05-14 12:34:40,014 las INFO {'X-Custom': 'Test', 'Content-Length': '125', 'Content-Type': 'application/x-www-form-urlencoded'}
'2020-05-14 12:34:40,014 las INFO text=sill%C3%A4+h%C3%A4nen+sovittelijan+kykyj%C3%A4%C3%A4n+ovat+k%C3%A4ytt%C3%A4neet+ulkoministeri%C3%B6n+ohella+YK&locale=fi
'2020-05-14 12:34:40,083 las INFO {'X-Custom': 'Test', 'Content-Length': '26', 'Content-Type': 'application/x-www-form-urlencoded'}
'2020-05-14 12:34:40,083 las INFO text=EU+Aasiassa&locale=fi
'2020-05-14 12:34:40,126 las INFO {'X-Custom': 'Test', 'Content-Length': '41', 'Content-Type': 'application/x-www-form-urlencoded'}
'2020-05-14 12:34:40,126 las INFO text=+Afrikassa+ja++Euroopassa.&locale=fi
'2020-05-14 12:34:40,184 las INFO {'X-Custom': 'Test', 'Content-Length': '84', 'Content-Type': 'application/x-www-form-urlencoded'}
'2020-05-14 12:34:40,184 las INFO text=Haaviston+suosio+on+ulottunut+laajemmalle+kuin+h%C3%A4nen+puolueensa.&locale=fi
'2020-05-14 12:34:40,246 las INFO {'X-Custom': 'Test', 'Content-Length': '49', 'Content-Type': 'application/x-www-form-urlencoded'}
'2020-05-14 12:34:40,246 las INFO text=Sen+osoitti+2012+presidentinvaalit&locale=fi
'2020-05-14 12:34:40,292 las INFO {'X-Custom': 'Test', 'Content-Length': '69', 'Content-Type': 'application/x-www-form-urlencoded'}
'2020-05-14 12:34:40,292 las INFO text=joiden+toiselle+kierrokselle+Haavisto+p%C3%A4%C3%A4si.&locale=fi
'2020-05-14 12:37:06,128 las DEBUG Set url: http://demo.seco.tkk.fi/las
'2020-05-14 12:37:06,129 las INFO {'X-Custom': 'Test', 'Content-Length': '79', 'Content-Type': 'application/x-www-form-urlencoded'}
'2020-05-14 12:37:06,129 las INFO text=Pekka+Haavisto+on+ottanut+politiikassa+ymm%C3%A4rt%C3%A4j%C3%A4n&locale=fi
'2020-05-14 12:37:06,263 las DEBUG Set url: http://demo.seco.tkk.fi/las
'2020-05-14 12:37:06,263 las INFO {'X-Custom': 'Test', 'Content-Length': '27', 'Content-Type': 'application/x-www-form-urlencoded'}
'2020-05-14 12:37:06,263 las INFO text=sovittelijan&locale=fi
'2020-05-14 12:37:06,317 las DEBUG Set url: http://demo.seco.tkk.fi/las
'2020-05-14 12:37:06,318 las INFO {'X-Custom': 'Test', 'Content-Length': '37', 'Content-Type': 'application/x-www-form-urlencoded'}
'2020-05-14 12:37:06,318 las INFO text=mahdollistajan+roolit.&locale=fi
'2020-05-14 12:37:06,370 las DEBUG Set url: http://demo.seco.tkk.fi/las
'2020-05-14 12:37:06,372 las INFO {'X-Custom': 'Test', 'Content-Length': '92', 'Content-Type': 'application/x-www-form-urlencoded'}
'2020-05-14 12:37:06,372 las INFO text=L%C3%A4hes+tuntematon+kolmekymppinen+hurmasi+1987+eduskuntavaalikeskustelussa&locale=fi
'2020-05-14 12:37:06,470 las DEBUG Set url: http://demo.seco.tkk.fi/las
'2020-05-14 12:37:06,471 las INFO {'X-Custom': 'Test', 'Content-Length': '75', 'Content-Type': 'application/x-www-form-urlencoded'}
'2020-05-14 12:37:06,471 las INFO text=tuli+valituksi+vihreiden+toiseen+eduskuntaryhm%C3%A4%C3%A4n.&locale=fi
'2020-05-14 12:37:06,564 las DEBUG Set url: http://demo.seco.tkk.fi/las
'2020-05-14 12:37:06,564 las INFO {'X-Custom': 'Test', 'Content-Length': '63', 'Content-Type': 'application/x-www-form-urlencoded'}
'2020-05-14 12:37:06,564 las INFO text=H%C3%A4n+on+toiminut+my%C3%B6s+ministerin%C3%A4.&locale=fi
'2020-05-14 12:37:06,624 las DEBUG Set url: http://demo.seco.tkk.fi/las
'2020-05-14 12:37:06,625 las INFO {'X-Custom': 'Test', 'Content-Length': '71', 'Content-Type': 'application/x-www-form-urlencoded'}
'2020-05-14 12:37:06,625 las INFO text=Haavisto+on+tehnyt+lis%C3%A4ksi+kansainv%C3%A4lisen+uran&locale=fi
'2020-05-14 12:37:06,686 las DEBUG Set url: http://demo.seco.tkk.fi/las
'2020-05-14 12:37:06,687 las INFO {'X-Custom': 'Test', 'Content-Length': '125', 'Content-Type': 'application/x-www-form-urlencoded'}
'2020-05-14 12:37:06,687 las INFO text=sill%C3%A4+h%C3%A4nen+sovittelijan+kykyj%C3%A4%C3%A4n+ovat+k%C3%A4ytt%C3%A4neet+ulkoministeri%C3%B6n+ohella+YK&locale=fi
'2020-05-14 12:37:06,774 las DEBUG Set url: http://demo.seco.tkk.fi/las
'2020-05-14 12:37:06,774 las INFO {'X-Custom': 'Test', 'Content-Length': '26', 'Content-Type': 'application/x-www-form-urlencoded'}
'2020-05-14 12:37:06,774 las INFO text=EU+Aasiassa&locale=fi
'2020-05-14 12:37:06,825 las DEBUG Set url: http://demo.seco.tkk.fi/las
'2020-05-14 12:37:06,825 las INFO {'X-Custom': 'Test', 'Content-Length': '41', 'Content-Type': 'application/x-www-form-urlencoded'}
'2020-05-14 12:37:06,826 las INFO text=+Afrikassa+ja++Euroopassa.&locale=fi
'2020-05-14 12:37:06,869 las DEBUG Set url: http://demo.seco.tkk.fi/las
'2020-05-14 12:37:06,869 las INFO {'X-Custom': 'Test', 'Content-Length': '84', 'Content-Type': 'application/x-www-form-urlencoded'}
'2020-05-14 12:37:06,869 las INFO text=Haaviston+suosio+on+ulottunut+laajemmalle+kuin+h%C3%A4nen+puolueensa.&locale=fi
'2020-05-14 12:37:06,934 las DEBUG Set url: http://demo.seco.tkk.fi/las
'2020-05-14 12:37:06,934 las INFO {'X-Custom': 'Test', 'Content-Length': '49', 'Content-Type': 'application/x-www-form-urlencoded'}
'2020-05-14 12:37:06,934 las INFO text=Sen+osoitti+2012+presidentinvaalit&locale=fi
'2020-05-14 12:37:06,980 las DEBUG Set url: http://demo.seco.tkk.fi/las
'2020-05-14 12:37:06,980 las INFO {'X-Custom': 'Test', 'Content-Length': '69', 'Content-Type': 'application/x-www-form-urlencoded'}
'2020-05-14 12:37:06,980 las INFO text=joiden+toiselle+kierrokselle+Haavisto+p%C3%A4%C3%A4si.&locale=fi
'2020-05-14 12:37:43,209 las DEBUG Set url: http://demo.seco.tkk.fi/las
'2020-05-14 12:37:43,210 las INFO {'X-Custom': 'Test', 'Content-Length': '79', 'Content-Type': 'application/x-www-form-urlencoded'}
'2020-05-14 12:37:43,210 las INFO text=Pekka+Haavisto+on+ottanut+politiikassa+ymm%C3%A4rt%C3%A4j%C3%A4n&locale=fi
'2020-05-14 12:37:43,421 las DEBUG Set url: http://demo.seco.tkk.fi/las
'2020-05-14 12:37:43,421 las INFO {'X-Custom': 'Test', 'Content-Length': '27', 'Content-Type': 'application/x-www-form-urlencoded'}
'2020-05-14 12:37:43,421 las INFO text=sovittelijan&locale=fi
'2020-05-14 12:37:43,472 las DEBUG Set url: http://demo.seco.tkk.fi/las
'2020-05-14 12:37:43,472 las INFO {'X-Custom': 'Test', 'Content-Length': '37', 'Content-Type': 'application/x-www-form-urlencoded'}
'2020-05-14 12:37:43,472 las INFO text=mahdollistajan+roolit.&locale=fi
'2020-05-14 12:37:43,518 las DEBUG Set url: http://demo.seco.tkk.fi/las
'2020-05-14 12:37:43,519 las INFO {'X-Custom': 'Test', 'Content-Length': '92', 'Content-Type': 'application/x-www-form-urlencoded'}
'2020-05-14 12:37:43,519 las INFO text=L%C3%A4hes+tuntematon+kolmekymppinen+hurmasi+1987+eduskuntavaalikeskustelussa&locale=fi
'2020-05-14 12:37:43,575 las DEBUG Set url: http://demo.seco.tkk.fi/las
'2020-05-14 12:37:43,575 las INFO {'X-Custom': 'Test', 'Content-Length': '75', 'Content-Type': 'application/x-www-form-urlencoded'}
'2020-05-14 12:37:43,575 las INFO text=tuli+valituksi+vihreiden+toiseen+eduskuntaryhm%C3%A4%C3%A4n.&locale=fi
'2020-05-14 12:37:43,626 las DEBUG Set url: http://demo.seco.tkk.fi/las
'2020-05-14 12:37:43,627 las INFO {'X-Custom': 'Test', 'Content-Length': '63', 'Content-Type': 'application/x-www-form-urlencoded'}
'2020-05-14 12:37:43,627 las INFO text=H%C3%A4n+on+toiminut+my%C3%B6s+ministerin%C3%A4.&locale=fi
'2020-05-14 12:37:43,679 las DEBUG Set url: http://demo.seco.tkk.fi/las
'2020-05-14 12:37:43,679 las INFO {'X-Custom': 'Test', 'Content-Length': '71', 'Content-Type': 'application/x-www-form-urlencoded'}
'2020-05-14 12:37:43,679 las INFO text=Haavisto+on+tehnyt+lis%C3%A4ksi+kansainv%C3%A4lisen+uran&locale=fi
'2020-05-14 12:37:43,733 las DEBUG Set url: http://demo.seco.tkk.fi/las
'2020-05-14 12:37:43,734 las INFO {'X-Custom': 'Test', 'Content-Length': '125', 'Content-Type': 'application/x-www-form-urlencoded'}
'2020-05-14 12:37:43,734 las INFO text=sill%C3%A4+h%C3%A4nen+sovittelijan+kykyj%C3%A4%C3%A4n+ovat+k%C3%A4ytt%C3%A4neet+ulkoministeri%C3%B6n+ohella+YK&locale=fi
'2020-05-14 12:37:43,799 las DEBUG Set url: http://demo.seco.tkk.fi/las
'2020-05-14 12:37:43,800 las INFO {'X-Custom': 'Test', 'Content-Length': '26', 'Content-Type': 'application/x-www-form-urlencoded'}
'2020-05-14 12:37:43,800 las INFO text=EU+Aasiassa&locale=fi
'2020-05-14 12:37:43,860 las DEBUG Set url: http://demo.seco.tkk.fi/las
'2020-05-14 12:37:43,860 las INFO {'X-Custom': 'Test', 'Content-Length': '41', 'Content-Type': 'application/x-www-form-urlencoded'}
'2020-05-14 12:37:43,860 las INFO text=+Afrikassa+ja++Euroopassa.&locale=fi
'2020-05-14 12:37:43,899 las DEBUG Set url: http://demo.seco.tkk.fi/las
'2020-05-14 12:37:43,899 las INFO {'X-Custom': 'Test', 'Content-Length': '84', 'Content-Type': 'application/x-www-form-urlencoded'}
'2020-05-14 12:37:43,899 las INFO text=Haaviston+suosio+on+ulottunut+laajemmalle+kuin+h%C3%A4nen+puolueensa.&locale=fi
'2020-05-14 12:37:43,962 las DEBUG Set url: http://demo.seco.tkk.fi/las
'2020-05-14 12:37:43,962 las INFO {'X-Custom': 'Test', 'Content-Length': '49', 'Content-Type': 'application/x-www-form-urlencoded'}
'2020-05-14 12:37:43,963 las INFO text=Sen+osoitti+2012+presidentinvaalit&locale=fi
'2020-05-14 12:37:44,007 las DEBUG Set url: http://demo.seco.tkk.fi/las
'2020-05-14 12:37:44,007 las INFO {'X-Custom': 'Test', 'Content-Length': '69', 'Content-Type': 'application/x-www-form-urlencoded'}
'2020-05-14 12:37:44,007 las INFO text=joiden+toiselle+kierrokselle+Haavisto+p%C3%A4%C3%A4si.&locale=fi
'2020-05-14 12:38:06,702 las DEBUG Set url: http://demo.seco.tkk.fi/las
'2020-05-14 12:38:06,703 las INFO {'X-Custom': 'Test', 'Content-Length': '79', 'Content-Type': 'application/x-www-form-urlencoded'}
'2020-05-14 12:38:06,703 las INFO text=Pekka+Haavisto+on+ottanut+politiikassa+ymm%C3%A4rt%C3%A4j%C3%A4n&locale=fi
'2020-05-14 12:38:06,796 las DEBUG Set url: http://demo.seco.tkk.fi/las
'2020-05-14 12:38:06,796 las INFO {'X-Custom': 'Test', 'Content-Length': '27', 'Content-Type': 'application/x-www-form-urlencoded'}
'2020-05-14 12:38:06,796 las INFO text=sovittelijan&locale=fi
'2020-05-14 12:38:06,854 las DEBUG Set url: http://demo.seco.tkk.fi/las
'2020-05-14 12:38:06,855 las INFO {'X-Custom': 'Test', 'Content-Length': '37', 'Content-Type': 'application/x-www-form-urlencoded'}
'2020-05-14 12:38:06,855 las INFO text=mahdollistajan+roolit.&locale=fi
'2020-05-14 12:38:06,903 las DEBUG Set url: http://demo.seco.tkk.fi/las
'2020-05-14 12:38:06,903 las INFO {'X-Custom': 'Test', 'Content-Length': '92', 'Content-Type': 'application/x-www-form-urlencoded'}
'2020-05-14 12:38:06,903 las INFO text=L%C3%A4hes+tuntematon+kolmekymppinen+hurmasi+1987+eduskuntavaalikeskustelussa&locale=fi
'2020-05-14 12:38:06,985 las DEBUG Set url: http://demo.seco.tkk.fi/las
'2020-05-14 12:38:06,985 las INFO {'X-Custom': 'Test', 'Content-Length': '75', 'Content-Type': 'application/x-www-form-urlencoded'}
'2020-05-14 12:38:06,985 las INFO text=tuli+valituksi+vihreiden+toiseen+eduskuntaryhm%C3%A4%C3%A4n.&locale=fi
'2020-05-14 12:38:07,046 las DEBUG Set url: http://demo.seco.tkk.fi/las
'2020-05-14 12:38:07,046 las INFO {'X-Custom': 'Test', 'Content-Length': '63', 'Content-Type': 'application/x-www-form-urlencoded'}
'2020-05-14 12:38:07,046 las INFO text=H%C3%A4n+on+toiminut+my%C3%B6s+ministerin%C3%A4.&locale=fi
'2020-05-14 12:38:07,098 las DEBUG Set url: http://demo.seco.tkk.fi/las
'2020-05-14 12:38:07,099 las INFO {'X-Custom': 'Test', 'Content-Length': '71', 'Content-Type': 'application/x-www-form-urlencoded'}
'2020-05-14 12:38:07,099 las INFO text=Haavisto+on+tehnyt+lis%C3%A4ksi+kansainv%C3%A4lisen+uran&locale=fi
'2020-05-14 12:38:07,149 las DEBUG Set url: http://demo.seco.tkk.fi/las
'2020-05-14 12:38:07,149 las INFO {'X-Custom': 'Test', 'Content-Length': '125', 'Content-Type': 'application/x-www-form-urlencoded'}
'2020-05-14 12:38:07,149 las INFO text=sill%C3%A4+h%C3%A4nen+sovittelijan+kykyj%C3%A4%C3%A4n+ovat+k%C3%A4ytt%C3%A4neet+ulkoministeri%C3%B6n+ohella+YK&locale=fi
'2020-05-14 12:38:07,219 las DEBUG Set url: http://demo.seco.tkk.fi/las
'2020-05-14 12:38:07,219 las INFO {'X-Custom': 'Test', 'Content-Length': '26', 'Content-Type': 'application/x-www-form-urlencoded'}
'2020-05-14 12:38:07,219 las INFO text=EU+Aasiassa&locale=fi
'2020-05-14 12:38:07,278 las DEBUG Set url: http://demo.seco.tkk.fi/las
'2020-05-14 12:38:07,278 las INFO {'X-Custom': 'Test', 'Content-Length': '41', 'Content-Type': 'application/x-www-form-urlencoded'}
'2020-05-14 12:38:07,278 las INFO text=+Afrikassa+ja++Euroopassa.&locale=fi
'2020-05-14 12:38:07,321 las DEBUG Set url: http://demo.seco.tkk.fi/las
'2020-05-14 12:38:07,321 las INFO {'X-Custom': 'Test', 'Content-Length': '84', 'Content-Type': 'application/x-www-form-urlencoded'}
'2020-05-14 12:38:07,321 las INFO text=Haaviston+suosio+on+ulottunut+laajemmalle+kuin+h%C3%A4nen+puolueensa.&locale=fi
'2020-05-14 12:38:07,401 las DEBUG Set url: http://demo.seco.tkk.fi/las
'2020-05-14 12:38:07,401 las INFO {'X-Custom': 'Test', 'Content-Length': '49', 'Content-Type': 'application/x-www-form-urlencoded'}
'2020-05-14 12:38:07,401 las INFO text=Sen+osoitti+2012+presidentinvaalit&locale=fi
'2020-05-14 12:38:07,454 las DEBUG Set url: http://demo.seco.tkk.fi/las
'2020-05-14 12:38:07,454 las INFO {'X-Custom': 'Test', 'Content-Length': '69', 'Content-Type': 'application/x-www-form-urlencoded'}
'2020-05-14 12:38:07,455 las INFO text=joiden+toiselle+kierrokselle+Haavisto+p%C3%A4%C3%A4si.&locale=fi
'2020-05-14 12:39:04,312 las DEBUG Set url: http://demo.seco.tkk.fi/las
'2020-05-14 12:39:04,313 las INFO {'X-Custom': 'Test', 'Content-Length': '79', 'Content-Type': 'application/x-www-form-urlencoded'}
'2020-05-14 12:39:04,313 las INFO text=Pekka+Haavisto+on+ottanut+politiikassa+ymm%C3%A4rt%C3%A4j%C3%A4n&locale=fi
'2020-05-14 12:39:04,415 las DEBUG Set url: http://demo.seco.tkk.fi/las
'2020-05-14 12:39:04,415 las INFO {'X-Custom': 'Test', 'Content-Length': '27', 'Content-Type': 'application/x-www-form-urlencoded'}
'2020-05-14 12:39:04,415 las INFO text=sovittelijan&locale=fi
'2020-05-14 12:39:04,455 las DEBUG Set url: http://demo.seco.tkk.fi/las
'2020-05-14 12:39:04,456 las INFO {'X-Custom': 'Test', 'Content-Length': '37', 'Content-Type': 'application/x-www-form-urlencoded'}
'2020-05-14 12:39:04,456 las INFO text=mahdollistajan+roolit.&locale=fi
'2020-05-14 12:39:04,519 las DEBUG Set url: http://demo.seco.tkk.fi/las
'2020-05-14 12:39:04,520 las INFO {'X-Custom': 'Test', 'Content-Length': '92', 'Content-Type': 'application/x-www-form-urlencoded'}
'2020-05-14 12:39:04,520 las INFO text=L%C3%A4hes+tuntematon+kolmekymppinen+hurmasi+1987+eduskuntavaalikeskustelussa&locale=fi
'2020-05-14 12:39:04,584 las DEBUG Set url: http://demo.seco.tkk.fi/las
'2020-05-14 12:39:04,584 las INFO {'X-Custom': 'Test', 'Content-Length': '75', 'Content-Type': 'application/x-www-form-urlencoded'}
'2020-05-14 12:39:04,584 las INFO text=tuli+valituksi+vihreiden+toiseen+eduskuntaryhm%C3%A4%C3%A4n.&locale=fi
'2020-05-14 12:39:04,648 las DEBUG Set url: http://demo.seco.tkk.fi/las
'2020-05-14 12:39:04,649 las INFO {'X-Custom': 'Test', 'Content-Length': '63', 'Content-Type': 'application/x-www-form-urlencoded'}
'2020-05-14 12:39:04,649 las INFO text=H%C3%A4n+on+toiminut+my%C3%B6s+ministerin%C3%A4.&locale=fi
'2020-05-14 12:39:04,696 las DEBUG Set url: http://demo.seco.tkk.fi/las
'2020-05-14 12:39:04,696 las INFO {'X-Custom': 'Test', 'Content-Length': '71', 'Content-Type': 'application/x-www-form-urlencoded'}
'2020-05-14 12:39:04,696 las INFO text=Haavisto+on+tehnyt+lis%C3%A4ksi+kansainv%C3%A4lisen+uran&locale=fi
'2020-05-14 12:39:04,785 las DEBUG Set url: http://demo.seco.tkk.fi/las
'2020-05-14 12:39:04,785 las INFO {'X-Custom': 'Test', 'Content-Length': '125', 'Content-Type': 'application/x-www-form-urlencoded'}
'2020-05-14 12:39:04,785 las INFO text=sill%C3%A4+h%C3%A4nen+sovittelijan+kykyj%C3%A4%C3%A4n+ovat+k%C3%A4ytt%C3%A4neet+ulkoministeri%C3%B6n+ohella+YK&locale=fi
'2020-05-14 12:39:04,865 las DEBUG Set url: http://demo.seco.tkk.fi/las
'2020-05-14 12:39:04,865 las INFO {'X-Custom': 'Test', 'Content-Length': '26', 'Content-Type': 'application/x-www-form-urlencoded'}
'2020-05-14 12:39:04,865 las INFO text=EU+Aasiassa&locale=fi
'2020-05-14 12:39:04,918 las DEBUG Set url: http://demo.seco.tkk.fi/las
'2020-05-14 12:39:04,918 las INFO {'X-Custom': 'Test', 'Content-Length': '41', 'Content-Type': 'application/x-www-form-urlencoded'}
'2020-05-14 12:39:04,918 las INFO text=+Afrikassa+ja++Euroopassa.&locale=fi
'2020-05-14 12:39:04,959 las DEBUG Set url: http://demo.seco.tkk.fi/las
'2020-05-14 12:39:04,959 las INFO {'X-Custom': 'Test', 'Content-Length': '84', 'Content-Type': 'application/x-www-form-urlencoded'}
'2020-05-14 12:39:04,959 las INFO text=Haaviston+suosio+on+ulottunut+laajemmalle+kuin+h%C3%A4nen+puolueensa.&locale=fi
'2020-05-14 12:39:05,016 las DEBUG Set url: http://demo.seco.tkk.fi/las
'2020-05-14 12:39:05,016 las INFO {'X-Custom': 'Test', 'Content-Length': '49', 'Content-Type': 'application/x-www-form-urlencoded'}
'2020-05-14 12:39:05,016 las INFO text=Sen+osoitti+2012+presidentinvaalit&locale=fi
'2020-05-14 12:39:05,060 las DEBUG Set url: http://demo.seco.tkk.fi/las
'2020-05-14 12:39:05,060 las INFO {'X-Custom': 'Test', 'Content-Length': '69', 'Content-Type': 'application/x-www-form-urlencoded'}
'2020-05-14 12:39:05,060 las INFO text=joiden+toiselle+kierrokselle+Haavisto+p%C3%A4%C3%A4si.&locale=fi
'2020-05-14 12:39:46,623 las DEBUG Set url: http://demo.seco.tkk.fi/las
'2020-05-14 12:39:46,624 las INFO {'X-Custom': 'Test', 'Content-Length': '79', 'Content-Type': 'application/x-www-form-urlencoded'}
'2020-05-14 12:39:46,624 las INFO text=Pekka+Haavisto+on+ottanut+politiikassa+ymm%C3%A4rt%C3%A4j%C3%A4n&locale=fi
'2020-05-14 12:39:46,740 las DEBUG Set url: http://demo.seco.tkk.fi/las
'2020-05-14 12:39:46,740 las INFO {'X-Custom': 'Test', 'Content-Length': '27', 'Content-Type': 'application/x-www-form-urlencoded'}
'2020-05-14 12:39:46,740 las INFO text=sovittelijan&locale=fi
'2020-05-14 12:39:46,821 las DEBUG Set url: http://demo.seco.tkk.fi/las
'2020-05-14 12:39:46,821 las INFO {'X-Custom': 'Test', 'Content-Length': '37', 'Content-Type': 'application/x-www-form-urlencoded'}
'2020-05-14 12:39:46,821 las INFO text=mahdollistajan+roolit.&locale=fi
'2020-05-14 12:39:46,890 las DEBUG Set url: http://demo.seco.tkk.fi/las
'2020-05-14 12:39:46,890 las INFO {'X-Custom': 'Test', 'Content-Length': '92', 'Content-Type': 'application/x-www-form-urlencoded'}
'2020-05-14 12:39:46,891 las INFO text=L%C3%A4hes+tuntematon+kolmekymppinen+hurmasi+1987+eduskuntavaalikeskustelussa&locale=fi
'2020-05-14 12:39:47,000 las DEBUG Set url: http://demo.seco.tkk.fi/las
'2020-05-14 12:39:47,000 las INFO {'X-Custom': 'Test', 'Content-Length': '75', 'Content-Type': 'application/x-www-form-urlencoded'}
'2020-05-14 12:39:47,001 las INFO text=tuli+valituksi+vihreiden+toiseen+eduskuntaryhm%C3%A4%C3%A4n.&locale=fi
'2020-05-14 12:39:47,255 las DEBUG Set url: http://demo.seco.tkk.fi/las
'2020-05-14 12:39:47,255 las INFO {'X-Custom': 'Test', 'Content-Length': '63', 'Content-Type': 'application/x-www-form-urlencoded'}
'2020-05-14 12:39:47,255 las INFO text=H%C3%A4n+on+toiminut+my%C3%B6s+ministerin%C3%A4.&locale=fi
'2020-05-14 12:39:47,361 las DEBUG Set url: http://demo.seco.tkk.fi/las
'2020-05-14 12:39:47,361 las INFO {'X-Custom': 'Test', 'Content-Length': '71', 'Content-Type': 'application/x-www-form-urlencoded'}
'2020-05-14 12:39:47,361 las INFO text=Haavisto+on+tehnyt+lis%C3%A4ksi+kansainv%C3%A4lisen+uran&locale=fi
'2020-05-14 12:39:47,450 las DEBUG Set url: http://demo.seco.tkk.fi/las
'2020-05-14 12:39:47,450 las INFO {'X-Custom': 'Test', 'Content-Length': '125', 'Content-Type': 'application/x-www-form-urlencoded'}
'2020-05-14 12:39:47,450 las INFO text=sill%C3%A4+h%C3%A4nen+sovittelijan+kykyj%C3%A4%C3%A4n+ovat+k%C3%A4ytt%C3%A4neet+ulkoministeri%C3%B6n+ohella+YK&locale=fi
'2020-05-14 12:39:47,573 las DEBUG Set url: http://demo.seco.tkk.fi/las
'2020-05-14 12:39:47,573 las INFO {'X-Custom': 'Test', 'Content-Length': '26', 'Content-Type': 'application/x-www-form-urlencoded'}
'2020-05-14 12:39:47,573 las INFO text=EU+Aasiassa&locale=fi
'2020-05-14 12:39:47,648 las DEBUG Set url: http://demo.seco.tkk.fi/las
'2020-05-14 12:39:47,648 las INFO {'X-Custom': 'Test', 'Content-Length': '41', 'Content-Type': 'application/x-www-form-urlencoded'}
'2020-05-14 12:39:47,649 las INFO text=+Afrikassa+ja++Euroopassa.&locale=fi
'2020-05-14 12:39:47,689 las DEBUG Set url: http://demo.seco.tkk.fi/las
'2020-05-14 12:39:47,689 las INFO {'X-Custom': 'Test', 'Content-Length': '84', 'Content-Type': 'application/x-www-form-urlencoded'}
'2020-05-14 12:39:47,689 las INFO text=Haaviston+suosio+on+ulottunut+laajemmalle+kuin+h%C3%A4nen+puolueensa.&locale=fi
'2020-05-14 12:39:47,773 las DEBUG Set url: http://demo.seco.tkk.fi/las
'2020-05-14 12:39:47,775 las INFO {'X-Custom': 'Test', 'Content-Length': '49', 'Content-Type': 'application/x-www-form-urlencoded'}
'2020-05-14 12:39:47,775 las INFO text=Sen+osoitti+2012+presidentinvaalit&locale=fi
'2020-05-14 12:39:47,853 las DEBUG Set url: http://demo.seco.tkk.fi/las
'2020-05-14 12:39:47,853 las INFO {'X-Custom': 'Test', 'Content-Length': '69', 'Content-Type': 'application/x-www-form-urlencoded'}
'2020-05-14 12:39:47,853 las INFO text=joiden+toiselle+kierrokselle+Haavisto+p%C3%A4%C3%A4si.&locale=fi
'2020-05-14 12:40:06,409 las DEBUG Set url: http://demo.seco.tkk.fi/las
'2020-05-14 12:40:06,410 las INFO {'X-Custom': 'Test', 'Content-Length': '79', 'Content-Type': 'application/x-www-form-urlencoded'}
'2020-05-14 12:40:06,410 las INFO text=Pekka+Haavisto+on+ottanut+politiikassa+ymm%C3%A4rt%C3%A4j%C3%A4n&locale=fi
'2020-05-14 12:40:06,522 las DEBUG Set url: http://demo.seco.tkk.fi/las
'2020-05-14 12:40:06,523 las INFO {'X-Custom': 'Test', 'Content-Length': '27', 'Content-Type': 'application/x-www-form-urlencoded'}
'2020-05-14 12:40:06,523 las INFO text=sovittelijan&locale=fi
'2020-05-14 12:40:06,569 las DEBUG Set url: http://demo.seco.tkk.fi/las
'2020-05-14 12:40:06,569 las INFO {'X-Custom': 'Test', 'Content-Length': '37', 'Content-Type': 'application/x-www-form-urlencoded'}
'2020-05-14 12:40:06,569 las INFO text=mahdollistajan+roolit.&locale=fi
'2020-05-14 12:40:06,612 las DEBUG Set url: http://demo.seco.tkk.fi/las
'2020-05-14 12:40:06,613 las INFO {'X-Custom': 'Test', 'Content-Length': '92', 'Content-Type': 'application/x-www-form-urlencoded'}
'2020-05-14 12:40:06,613 las INFO text=L%C3%A4hes+tuntematon+kolmekymppinen+hurmasi+1987+eduskuntavaalikeskustelussa&locale=fi
'2020-05-14 12:40:06,678 las DEBUG Set url: http://demo.seco.tkk.fi/las
'2020-05-14 12:40:06,679 las INFO {'X-Custom': 'Test', 'Content-Length': '75', 'Content-Type': 'application/x-www-form-urlencoded'}
'2020-05-14 12:40:06,679 las INFO text=tuli+valituksi+vihreiden+toiseen+eduskuntaryhm%C3%A4%C3%A4n.&locale=fi
'2020-05-14 12:40:06,745 las DEBUG Set url: http://demo.seco.tkk.fi/las
'2020-05-14 12:40:06,746 las INFO {'X-Custom': 'Test', 'Content-Length': '63', 'Content-Type': 'application/x-www-form-urlencoded'}
'2020-05-14 12:40:06,746 las INFO text=H%C3%A4n+on+toiminut+my%C3%B6s+ministerin%C3%A4.&locale=fi
'2020-05-14 12:40:06,813 las DEBUG Set url: http://demo.seco.tkk.fi/las
'2020-05-14 12:40:06,815 las INFO {'X-Custom': 'Test', 'Content-Length': '71', 'Content-Type': 'application/x-www-form-urlencoded'}
'2020-05-14 12:40:06,815 las INFO text=Haavisto+on+tehnyt+lis%C3%A4ksi+kansainv%C3%A4lisen+uran&locale=fi
'2020-05-14 12:40:06,883 las DEBUG Set url: http://demo.seco.tkk.fi/las
'2020-05-14 12:40:06,883 las INFO {'X-Custom': 'Test', 'Content-Length': '125', 'Content-Type': 'application/x-www-form-urlencoded'}
'2020-05-14 12:40:06,883 las INFO text=sill%C3%A4+h%C3%A4nen+sovittelijan+kykyj%C3%A4%C3%A4n+ovat+k%C3%A4ytt%C3%A4neet+ulkoministeri%C3%B6n+ohella+YK&locale=fi
'2020-05-14 12:40:06,950 las DEBUG Set url: http://demo.seco.tkk.fi/las
'2020-05-14 12:40:06,951 las INFO {'X-Custom': 'Test', 'Content-Length': '26', 'Content-Type': 'application/x-www-form-urlencoded'}
'2020-05-14 12:40:06,951 las INFO text=EU+Aasiassa&locale=fi
'2020-05-14 12:40:06,998 las DEBUG Set url: http://demo.seco.tkk.fi/las
'2020-05-14 12:40:06,999 las INFO {'X-Custom': 'Test', 'Content-Length': '41', 'Content-Type': 'application/x-www-form-urlencoded'}
'2020-05-14 12:40:06,999 las INFO text=+Afrikassa+ja++Euroopassa.&locale=fi
'2020-05-14 12:40:07,052 las DEBUG Set url: http://demo.seco.tkk.fi/las
'2020-05-14 12:40:07,052 las INFO {'X-Custom': 'Test', 'Content-Length': '84', 'Content-Type': 'application/x-www-form-urlencoded'}
'2020-05-14 12:40:07,052 las INFO text=Haaviston+suosio+on+ulottunut+laajemmalle+kuin+h%C3%A4nen+puolueensa.&locale=fi
'2020-05-14 12:40:07,126 las DEBUG Set url: http://demo.seco.tkk.fi/las
'2020-05-14 12:40:07,126 las INFO {'X-Custom': 'Test', 'Content-Length': '49', 'Content-Type': 'application/x-www-form-urlencoded'}
'2020-05-14 12:40:07,127 las INFO text=Sen+osoitti+2012+presidentinvaalit&locale=fi
'2020-05-14 12:40:07,202 las DEBUG Set url: http://demo.seco.tkk.fi/las
'2020-05-14 12:40:07,202 las INFO {'X-Custom': 'Test', 'Content-Length': '69', 'Content-Type': 'application/x-www-form-urlencoded'}
'2020-05-14 12:40:07,202 las INFO text=joiden+toiselle+kierrokselle+Haavisto+p%C3%A4%C3%A4si.&locale=fi
'2020-05-14 12:40:39,018 las DEBUG Set url: http://demo.seco.tkk.fi/las
'2020-05-14 12:40:39,019 las INFO {'X-Custom': 'Test', 'Content-Length': '79', 'Content-Type': 'application/x-www-form-urlencoded'}
'2020-05-14 12:40:39,019 las INFO text=Pekka+Haavisto+on+ottanut+politiikassa+ymm%C3%A4rt%C3%A4j%C3%A4n&locale=fi
'2020-05-14 12:40:39,102 las DEBUG Set url: http://demo.seco.tkk.fi/las
'2020-05-14 12:40:39,102 las INFO {'X-Custom': 'Test', 'Content-Length': '27', 'Content-Type': 'application/x-www-form-urlencoded'}
'2020-05-14 12:40:39,102 las INFO text=sovittelijan&locale=fi
'2020-05-14 12:40:39,151 las DEBUG Set url: http://demo.seco.tkk.fi/las
'2020-05-14 12:40:39,151 las INFO {'X-Custom': 'Test', 'Content-Length': '37', 'Content-Type': 'application/x-www-form-urlencoded'}
'2020-05-14 12:40:39,151 las INFO text=mahdollistajan+roolit.&locale=fi
'2020-05-14 12:40:39,203 las DEBUG Set url: http://demo.seco.tkk.fi/las
'2020-05-14 12:40:39,204 las INFO {'X-Custom': 'Test', 'Content-Length': '92', 'Content-Type': 'application/x-www-form-urlencoded'}
'2020-05-14 12:40:39,204 las INFO text=L%C3%A4hes+tuntematon+kolmekymppinen+hurmasi+1987+eduskuntavaalikeskustelussa&locale=fi
'2020-05-14 12:40:39,261 las DEBUG Set url: http://demo.seco.tkk.fi/las
'2020-05-14 12:40:39,261 las INFO {'X-Custom': 'Test', 'Content-Length': '75', 'Content-Type': 'application/x-www-form-urlencoded'}
'2020-05-14 12:40:39,261 las INFO text=tuli+valituksi+vihreiden+toiseen+eduskuntaryhm%C3%A4%C3%A4n.&locale=fi
'2020-05-14 12:40:39,313 las DEBUG Set url: http://demo.seco.tkk.fi/las
'2020-05-14 12:40:39,313 las INFO {'X-Custom': 'Test', 'Content-Length': '63', 'Content-Type': 'application/x-www-form-urlencoded'}
'2020-05-14 12:40:39,313 las INFO text=H%C3%A4n+on+toiminut+my%C3%B6s+ministerin%C3%A4.&locale=fi
'2020-05-14 12:40:39,362 las DEBUG Set url: http://demo.seco.tkk.fi/las
'2020-05-14 12:40:39,362 las INFO {'X-Custom': 'Test', 'Content-Length': '71', 'Content-Type': 'application/x-www-form-urlencoded'}
'2020-05-14 12:40:39,362 las INFO text=Haavisto+on+tehnyt+lis%C3%A4ksi+kansainv%C3%A4lisen+uran&locale=fi
'2020-05-14 12:40:39,432 las DEBUG Set url: http://demo.seco.tkk.fi/las
'2020-05-14 12:40:39,433 las INFO {'X-Custom': 'Test', 'Content-Length': '125', 'Content-Type': 'application/x-www-form-urlencoded'}
'2020-05-14 12:40:39,433 las INFO text=sill%C3%A4+h%C3%A4nen+sovittelijan+kykyj%C3%A4%C3%A4n+ovat+k%C3%A4ytt%C3%A4neet+ulkoministeri%C3%B6n+ohella+YK&locale=fi
'2020-05-14 12:40:39,522 las DEBUG Set url: http://demo.seco.tkk.fi/las
'2020-05-14 12:40:39,522 las INFO {'X-Custom': 'Test', 'Content-Length': '26', 'Content-Type': 'application/x-www-form-urlencoded'}
'2020-05-14 12:40:39,522 las INFO text=EU+Aasiassa&locale=fi
'2020-05-14 12:40:39,564 las DEBUG Set url: http://demo.seco.tkk.fi/las
'2020-05-14 12:40:39,565 las INFO {'X-Custom': 'Test', 'Content-Length': '41', 'Content-Type': 'application/x-www-form-urlencoded'}
'2020-05-14 12:40:39,565 las INFO text=+Afrikassa+ja++Euroopassa.&locale=fi
'2020-05-14 12:40:39,611 las DEBUG Set url: http://demo.seco.tkk.fi/las
'2020-05-14 12:40:39,611 las INFO {'X-Custom': 'Test', 'Content-Length': '84', 'Content-Type': 'application/x-www-form-urlencoded'}
'2020-05-14 12:40:39,611 las INFO text=Haaviston+suosio+on+ulottunut+laajemmalle+kuin+h%C3%A4nen+puolueensa.&locale=fi
'2020-05-14 12:40:39,691 las DEBUG Set url: http://demo.seco.tkk.fi/las
'2020-05-14 12:40:39,691 las INFO {'X-Custom': 'Test', 'Content-Length': '49', 'Content-Type': 'application/x-www-form-urlencoded'}
'2020-05-14 12:40:39,691 las INFO text=Sen+osoitti+2012+presidentinvaalit&locale=fi
'2020-05-14 12:40:39,740 las DEBUG Set url: http://demo.seco.tkk.fi/las
'2020-05-14 12:40:39,740 las INFO {'X-Custom': 'Test', 'Content-Length': '69', 'Content-Type': 'application/x-www-form-urlencoded'}
'2020-05-14 12:40:39,740 las INFO text=joiden+toiselle+kierrokselle+Haavisto+p%C3%A4%C3%A4si.&locale=fi
'2020-05-14 12:40:55,559 las DEBUG Set url: http://demo.seco.tkk.fi/las
'2020-05-14 12:40:55,560 las INFO {'X-Custom': 'Test', 'Content-Length': '79', 'Content-Type': 'application/x-www-form-urlencoded'}
'2020-05-14 12:40:55,560 las INFO text=Pekka+Haavisto+on+ottanut+politiikassa+ymm%C3%A4rt%C3%A4j%C3%A4n&locale=fi
'2020-05-14 12:40:55,652 las DEBUG Set url: http://demo.seco.tkk.fi/las
'2020-05-14 12:40:55,652 las INFO {'X-Custom': 'Test', 'Content-Length': '27', 'Content-Type': 'application/x-www-form-urlencoded'}
'2020-05-14 12:40:55,652 las INFO text=sovittelijan&locale=fi
'2020-05-14 12:40:55,721 las DEBUG Set url: http://demo.seco.tkk.fi/las
'2020-05-14 12:40:55,721 las INFO {'X-Custom': 'Test', 'Content-Length': '37', 'Content-Type': 'application/x-www-form-urlencoded'}
'2020-05-14 12:40:55,721 las INFO text=mahdollistajan+roolit.&locale=fi
'2020-05-14 12:40:55,779 las DEBUG Set url: http://demo.seco.tkk.fi/las
'2020-05-14 12:40:55,779 las INFO {'X-Custom': 'Test', 'Content-Length': '92', 'Content-Type': 'application/x-www-form-urlencoded'}
'2020-05-14 12:40:55,779 las INFO text=L%C3%A4hes+tuntematon+kolmekymppinen+hurmasi+1987+eduskuntavaalikeskustelussa&locale=fi
'2020-05-14 12:40:55,851 las DEBUG Set url: http://demo.seco.tkk.fi/las
'2020-05-14 12:40:55,851 las INFO {'X-Custom': 'Test', 'Content-Length': '75', 'Content-Type': 'application/x-www-form-urlencoded'}
'2020-05-14 12:40:55,851 las INFO text=tuli+valituksi+vihreiden+toiseen+eduskuntaryhm%C3%A4%C3%A4n.&locale=fi
'2020-05-14 12:40:55,908 las DEBUG Set url: http://demo.seco.tkk.fi/las
'2020-05-14 12:40:55,908 las INFO {'X-Custom': 'Test', 'Content-Length': '63', 'Content-Type': 'application/x-www-form-urlencoded'}
'2020-05-14 12:40:55,908 las INFO text=H%C3%A4n+on+toiminut+my%C3%B6s+ministerin%C3%A4.&locale=fi
'2020-05-14 12:40:55,992 las DEBUG Set url: http://demo.seco.tkk.fi/las
'2020-05-14 12:40:55,992 las INFO {'X-Custom': 'Test', 'Content-Length': '71', 'Content-Type': 'application/x-www-form-urlencoded'}
'2020-05-14 12:40:55,992 las INFO text=Haavisto+on+tehnyt+lis%C3%A4ksi+kansainv%C3%A4lisen+uran&locale=fi
'2020-05-14 12:40:56,054 las DEBUG Set url: http://demo.seco.tkk.fi/las
'2020-05-14 12:40:56,054 las INFO {'X-Custom': 'Test', 'Content-Length': '125', 'Content-Type': 'application/x-www-form-urlencoded'}
'2020-05-14 12:40:56,054 las INFO text=sill%C3%A4+h%C3%A4nen+sovittelijan+kykyj%C3%A4%C3%A4n+ovat+k%C3%A4ytt%C3%A4neet+ulkoministeri%C3%B6n+ohella+YK&locale=fi
'2020-05-14 12:40:56,166 las DEBUG Set url: http://demo.seco.tkk.fi/las
'2020-05-14 12:40:56,167 las INFO {'X-Custom': 'Test', 'Content-Length': '26', 'Content-Type': 'application/x-www-form-urlencoded'}
'2020-05-14 12:40:56,167 las INFO text=EU+Aasiassa&locale=fi
'2020-05-14 12:40:56,210 las DEBUG Set url: http://demo.seco.tkk.fi/las
'2020-05-14 12:40:56,210 las INFO {'X-Custom': 'Test', 'Content-Length': '41', 'Content-Type': 'application/x-www-form-urlencoded'}
'2020-05-14 12:40:56,210 las INFO text=+Afrikassa+ja++Euroopassa.&locale=fi
'2020-05-14 12:40:56,249 las DEBUG Set url: http://demo.seco.tkk.fi/las
'2020-05-14 12:40:56,249 las INFO {'X-Custom': 'Test', 'Content-Length': '84', 'Content-Type': 'application/x-www-form-urlencoded'}
'2020-05-14 12:40:56,250 las INFO text=Haaviston+suosio+on+ulottunut+laajemmalle+kuin+h%C3%A4nen+puolueensa.&locale=fi
'2020-05-14 12:40:56,318 las DEBUG Set url: http://demo.seco.tkk.fi/las
'2020-05-14 12:40:56,319 las INFO {'X-Custom': 'Test', 'Content-Length': '49', 'Content-Type': 'application/x-www-form-urlencoded'}
'2020-05-14 12:40:56,320 las INFO text=Sen+osoitti+2012+presidentinvaalit&locale=fi
'2020-05-14 12:40:56,371 las DEBUG Set url: http://demo.seco.tkk.fi/las
'2020-05-14 12:40:56,373 las INFO {'X-Custom': 'Test', 'Content-Length': '69', 'Content-Type': 'application/x-www-form-urlencoded'}
'2020-05-14 12:40:56,373 las INFO text=joiden+toiselle+kierrokselle+Haavisto+p%C3%A4%C3%A4si.&locale=fi
