2019-05-10 13:03:33,067 NamedEntity INFO {'Content-Type': 'application/x-www-form-urlencoded', 'Content-Length': '46', 'X-Custom': 'Test'}
2019-05-10 13:03:33,067 NamedEntity INFO locale=fi&text=Agda+J%C3%A4gerhorn+af+Spurila.
2019-05-10 13:03:33,205 NamedEntity INFO {'Content-Type': 'application/x-www-form-urlencoded', 'Content-Length': '63', 'X-Custom': 'Test'}
2019-05-10 13:03:33,205 NamedEntity INFO locale=fi&text=Mikko+Emil+M%C3%A4kinen+ja+Maija+Taina+Virtanen.
2019-05-10 13:03:33,301 NamedEntity INFO {'Content-Type': 'application/x-www-form-urlencoded', 'Content-Length': '55', 'X-Custom': 'Test'}
2019-05-10 13:03:33,301 NamedEntity INFO locale=fi&text=Kari+Tapio+Jaakko+Teppo+ja+Markku+Taina.
2019-05-10 13:03:33,407 NamedEntity INFO {'Content-Type': 'application/x-www-form-urlencoded', 'Content-Length': '32', 'X-Custom': 'Test'}
2019-05-10 13:03:33,407 NamedEntity INFO locale=fi&text=Mikko+Mannerheim.
2019-05-10 13:04:30,101 NamedEntity INFO {'Content-Type': 'application/x-www-form-urlencoded', 'Content-Length': '156', 'X-Custom': 'Test'}
2019-05-10 13:04:30,101 NamedEntity INFO locale=fi&text=Suomen+marsalkka%2C+vapaaherra+Gustaf+Mannerheim+%281867%E2%80%941951%29+asui+Kaivopuistossa+sijaitsevassa+huvilassa+vuosina+1924%E2%80%9451.
2019-05-10 13:04:30,274 NamedEntity INFO {'Content-Type': 'application/x-www-form-urlencoded', 'Content-Length': '140', 'X-Custom': 'Test'}
2019-05-10 13:04:30,275 NamedEntity INFO locale=fi&text=Huvila+on+vuodesta+1951+toiminut+h%C3%A4nen+el%C3%A4m%C3%A4%C3%A4ns%C3%A4+ja+Suomen+historiaa+esittelev%C3%A4n%C3%A4+museona.
2019-05-10 13:04:30,375 NamedEntity INFO {'Content-Type': 'application/x-www-form-urlencoded', 'Content-Length': '148', 'X-Custom': 'Test'}
2019-05-10 13:04:30,375 NamedEntity INFO locale=fi&text=Koti+on+s%C3%A4ilytetty+alkuper%C3%A4isess%C3%A4+asussaan+lukuun+ottamatta+muutamaa+huonetta+jotka+on+muutettu+n%C3%A4yttelytiloiksi.
2019-05-10 13:07:48,425 NamedEntity INFO {'X-Custom': 'Test', 'Content-Length': '156', 'Content-Type': 'application/x-www-form-urlencoded'}
2019-05-10 13:07:48,425 NamedEntity INFO text=Suomen+marsalkka%2C+vapaaherra+Gustaf+Mannerheim+%281867%E2%80%941951%29+asui+Kaivopuistossa+sijaitsevassa+huvilassa+vuosina+1924%E2%80%9451.&locale=fi
2019-05-10 13:07:48,625 NamedEntity INFO {'X-Custom': 'Test', 'Content-Length': '140', 'Content-Type': 'application/x-www-form-urlencoded'}
2019-05-10 13:07:48,625 NamedEntity INFO text=Huvila+on+vuodesta+1951+toiminut+h%C3%A4nen+el%C3%A4m%C3%A4%C3%A4ns%C3%A4+ja+Suomen+historiaa+esittelev%C3%A4n%C3%A4+museona.&locale=fi
2019-05-10 13:07:48,772 NamedEntity INFO {'X-Custom': 'Test', 'Content-Length': '148', 'Content-Type': 'application/x-www-form-urlencoded'}
2019-05-10 13:07:48,772 NamedEntity INFO text=Koti+on+s%C3%A4ilytetty+alkuper%C3%A4isess%C3%A4+asussaan+lukuun+ottamatta+muutamaa+huonetta+jotka+on+muutettu+n%C3%A4yttelytiloiksi.&locale=fi
2019-05-10 13:10:26,244 NamedEntity INFO {'Content-Type': 'application/x-www-form-urlencoded', 'Content-Length': '156', 'X-Custom': 'Test'}
2019-05-10 13:10:26,245 NamedEntity INFO locale=fi&text=Suomen+marsalkka%2C+vapaaherra+Gustaf+Mannerheim+%281867%E2%80%941951%29+asui+Kaivopuistossa+sijaitsevassa+huvilassa+vuosina+1924%E2%80%9451.
2019-05-10 13:10:26,360 NamedEntity INFO {'Content-Type': 'application/x-www-form-urlencoded', 'Content-Length': '140', 'X-Custom': 'Test'}
2019-05-10 13:10:26,361 NamedEntity INFO locale=fi&text=Huvila+on+vuodesta+1951+toiminut+h%C3%A4nen+el%C3%A4m%C3%A4%C3%A4ns%C3%A4+ja+Suomen+historiaa+esittelev%C3%A4n%C3%A4+museona.
2019-05-10 13:10:26,546 NamedEntity INFO {'Content-Type': 'application/x-www-form-urlencoded', 'Content-Length': '148', 'X-Custom': 'Test'}
2019-05-10 13:10:26,546 NamedEntity INFO locale=fi&text=Koti+on+s%C3%A4ilytetty+alkuper%C3%A4isess%C3%A4+asussaan+lukuun+ottamatta+muutamaa+huonetta+jotka+on+muutettu+n%C3%A4yttelytiloiksi.
2019-05-10 13:18:04,879 NamedEntity INFO {'Content-Length': '156', 'Content-Type': 'application/x-www-form-urlencoded', 'X-Custom': 'Test'}
2019-05-10 13:18:04,879 NamedEntity INFO locale=fi&text=Suomen+marsalkka%2C+vapaaherra+Gustaf+Mannerheim+%281867%E2%80%941951%29+asui+Kaivopuistossa+sijaitsevassa+huvilassa+vuosina+1924%E2%80%9451.
2019-05-10 13:18:05,065 NamedEntity INFO {'Content-Length': '140', 'Content-Type': 'application/x-www-form-urlencoded', 'X-Custom': 'Test'}
2019-05-10 13:18:05,065 NamedEntity INFO locale=fi&text=Huvila+on+vuodesta+1951+toiminut+h%C3%A4nen+el%C3%A4m%C3%A4%C3%A4ns%C3%A4+ja+Suomen+historiaa+esittelev%C3%A4n%C3%A4+museona.
2019-05-10 13:18:05,271 NamedEntity INFO {'Content-Length': '148', 'Content-Type': 'application/x-www-form-urlencoded', 'X-Custom': 'Test'}
2019-05-10 13:18:05,272 NamedEntity INFO locale=fi&text=Koti+on+s%C3%A4ilytetty+alkuper%C3%A4isess%C3%A4+asussaan+lukuun+ottamatta+muutamaa+huonetta+jotka+on+muutettu+n%C3%A4yttelytiloiksi.
2019-05-10 13:19:27,119 NamedEntity INFO {'X-Custom': 'Test', 'Content-Length': '156', 'Content-Type': 'application/x-www-form-urlencoded'}
2019-05-10 13:19:27,119 NamedEntity INFO locale=fi&text=Suomen+marsalkka%2C+vapaaherra+Gustaf+Mannerheim+%281867%E2%80%941951%29+asui+Kaivopuistossa+sijaitsevassa+huvilassa+vuosina+1924%E2%80%9451.
2019-05-10 13:19:27,283 NamedEntity INFO {'X-Custom': 'Test', 'Content-Length': '140', 'Content-Type': 'application/x-www-form-urlencoded'}
2019-05-10 13:19:27,283 NamedEntity INFO locale=fi&text=Huvila+on+vuodesta+1951+toiminut+h%C3%A4nen+el%C3%A4m%C3%A4%C3%A4ns%C3%A4+ja+Suomen+historiaa+esittelev%C3%A4n%C3%A4+museona.
2019-05-10 13:19:27,488 NamedEntity INFO {'X-Custom': 'Test', 'Content-Length': '148', 'Content-Type': 'application/x-www-form-urlencoded'}
2019-05-10 13:19:27,489 NamedEntity INFO locale=fi&text=Koti+on+s%C3%A4ilytetty+alkuper%C3%A4isess%C3%A4+asussaan+lukuun+ottamatta+muutamaa+huonetta+jotka+on+muutettu+n%C3%A4yttelytiloiksi.
2019-05-10 13:19:39,664 NamedEntity INFO {'X-Custom': 'Test', 'Content-Length': '46', 'Content-Type': 'application/x-www-form-urlencoded'}
2019-05-10 13:19:39,664 NamedEntity INFO locale=fi&text=Agda+J%C3%A4gerhorn+af+Spurila.
2019-05-10 13:19:39,724 NamedEntity INFO {'X-Custom': 'Test', 'Content-Length': '63', 'Content-Type': 'application/x-www-form-urlencoded'}
2019-05-10 13:19:39,725 NamedEntity INFO locale=fi&text=Mikko+Emil+M%C3%A4kinen+ja+Maija+Taina+Virtanen.
2019-05-10 13:19:39,818 NamedEntity INFO {'X-Custom': 'Test', 'Content-Length': '55', 'Content-Type': 'application/x-www-form-urlencoded'}
2019-05-10 13:19:39,819 NamedEntity INFO locale=fi&text=Kari+Tapio+Jaakko+Teppo+ja+Markku+Taina.
2019-05-10 13:19:39,925 NamedEntity INFO {'X-Custom': 'Test', 'Content-Length': '32', 'Content-Type': 'application/x-www-form-urlencoded'}
2019-05-10 13:19:39,925 NamedEntity INFO locale=fi&text=Mikko+Mannerheim.
2019-05-10 13:21:51,604 NamedEntity INFO {'X-Custom': 'Test', 'Content-Length': '46', 'Content-Type': 'application/x-www-form-urlencoded'}
2019-05-10 13:21:51,604 NamedEntity INFO locale=fi&text=Agda+J%C3%A4gerhorn+af+Spurila.
2019-05-10 13:21:51,709 NamedEntity INFO {'X-Custom': 'Test', 'Content-Length': '63', 'Content-Type': 'application/x-www-form-urlencoded'}
2019-05-10 13:21:51,709 NamedEntity INFO locale=fi&text=Mikko+Emil+M%C3%A4kinen+ja+Maija+Taina+Virtanen.
2019-05-10 13:21:51,787 NamedEntity INFO {'X-Custom': 'Test', 'Content-Length': '55', 'Content-Type': 'application/x-www-form-urlencoded'}
2019-05-10 13:21:51,787 NamedEntity INFO locale=fi&text=Kari+Tapio+Jaakko+Teppo+ja+Markku+Taina.
2019-05-10 13:21:51,896 NamedEntity INFO {'X-Custom': 'Test', 'Content-Length': '32', 'Content-Type': 'application/x-www-form-urlencoded'}
2019-05-10 13:21:51,897 NamedEntity INFO locale=fi&text=Mikko+Mannerheim.
2019-05-10 13:22:03,829 NamedEntity INFO {'X-Custom': 'Test', 'Content-Length': '46', 'Content-Type': 'application/x-www-form-urlencoded'}
2019-05-10 13:22:03,829 NamedEntity INFO locale=fi&text=Agda+J%C3%A4gerhorn+af+Spurila.
2019-05-10 13:22:03,880 NamedEntity INFO {'X-Custom': 'Test', 'Content-Length': '63', 'Content-Type': 'application/x-www-form-urlencoded'}
2019-05-10 13:22:03,880 NamedEntity INFO locale=fi&text=Mikko+Emil+M%C3%A4kinen+ja+Maija+Taina+Virtanen.
2019-05-10 13:22:03,961 NamedEntity INFO {'X-Custom': 'Test', 'Content-Length': '55', 'Content-Type': 'application/x-www-form-urlencoded'}
2019-05-10 13:22:03,962 NamedEntity INFO locale=fi&text=Kari+Tapio+Jaakko+Teppo+ja+Markku+Taina.
2019-05-10 13:22:04,161 NamedEntity INFO {'X-Custom': 'Test', 'Content-Length': '32', 'Content-Type': 'application/x-www-form-urlencoded'}
2019-05-10 13:22:04,161 NamedEntity INFO locale=fi&text=Mikko+Mannerheim.
2019-05-10 13:23:15,577 NamedEntity INFO {'X-Custom': 'Test', 'Content-Length': '156', 'Content-Type': 'application/x-www-form-urlencoded'}
2019-05-10 13:23:15,577 NamedEntity INFO locale=fi&text=Suomen+marsalkka%2C+vapaaherra+Gustaf+Mannerheim+%281867%E2%80%941951%29+asui+Kaivopuistossa+sijaitsevassa+huvilassa+vuosina+1924%E2%80%9451.
2019-05-10 13:23:15,843 NamedEntity INFO {'X-Custom': 'Test', 'Content-Length': '140', 'Content-Type': 'application/x-www-form-urlencoded'}
2019-05-10 13:23:15,843 NamedEntity INFO locale=fi&text=Huvila+on+vuodesta+1951+toiminut+h%C3%A4nen+el%C3%A4m%C3%A4%C3%A4ns%C3%A4+ja+Suomen+historiaa+esittelev%C3%A4n%C3%A4+museona.
2019-05-10 13:23:15,938 NamedEntity INFO {'X-Custom': 'Test', 'Content-Length': '148', 'Content-Type': 'application/x-www-form-urlencoded'}
2019-05-10 13:23:15,938 NamedEntity INFO locale=fi&text=Koti+on+s%C3%A4ilytetty+alkuper%C3%A4isess%C3%A4+asussaan+lukuun+ottamatta+muutamaa+huonetta+jotka+on+muutettu+n%C3%A4yttelytiloiksi.
2019-05-10 13:25:19,558 NamedEntity INFO {'X-Custom': 'Test', 'Content-Length': '156', 'Content-Type': 'application/x-www-form-urlencoded'}
2019-05-10 13:25:19,558 NamedEntity INFO locale=fi&text=Suomen+marsalkka%2C+vapaaherra+Gustaf+Mannerheim+%281867%E2%80%941951%29+asui+Kaivopuistossa+sijaitsevassa+huvilassa+vuosina+1924%E2%80%9451.
2019-05-10 13:25:19,779 NamedEntity INFO {'X-Custom': 'Test', 'Content-Length': '140', 'Content-Type': 'application/x-www-form-urlencoded'}
2019-05-10 13:25:19,780 NamedEntity INFO locale=fi&text=Huvila+on+vuodesta+1951+toiminut+h%C3%A4nen+el%C3%A4m%C3%A4%C3%A4ns%C3%A4+ja+Suomen+historiaa+esittelev%C3%A4n%C3%A4+museona.
2019-05-10 13:25:20,051 NamedEntity INFO {'X-Custom': 'Test', 'Content-Length': '148', 'Content-Type': 'application/x-www-form-urlencoded'}
2019-05-10 13:25:20,051 NamedEntity INFO locale=fi&text=Koti+on+s%C3%A4ilytetty+alkuper%C3%A4isess%C3%A4+asussaan+lukuun+ottamatta+muutamaa+huonetta+jotka+on+muutettu+n%C3%A4yttelytiloiksi.
2019-05-21 14:42:03,429 NamedEntity INFO {'Content-Length': '156', 'Content-Type': 'application/x-www-form-urlencoded', 'X-Custom': 'Test'}
2019-05-21 14:42:03,429 NamedEntity INFO text=Suomen+marsalkka%2C+vapaaherra+Gustaf+Mannerheim+%281867%E2%80%941951%29+asui+Kaivopuistossa+sijaitsevassa+huvilassa+vuosina+1924%E2%80%9451.&locale=fi
2019-05-21 14:42:03,604 NamedEntity INFO {'Content-Length': '140', 'Content-Type': 'application/x-www-form-urlencoded', 'X-Custom': 'Test'}
2019-05-21 14:42:03,605 NamedEntity INFO text=Huvila+on+vuodesta+1951+toiminut+h%C3%A4nen+el%C3%A4m%C3%A4%C3%A4ns%C3%A4+ja+Suomen+historiaa+esittelev%C3%A4n%C3%A4+museona.&locale=fi
2019-05-21 14:42:03,700 NamedEntity INFO {'Content-Length': '148', 'Content-Type': 'application/x-www-form-urlencoded', 'X-Custom': 'Test'}
2019-05-21 14:42:03,700 NamedEntity INFO text=Koti+on+s%C3%A4ilytetty+alkuper%C3%A4isess%C3%A4+asussaan+lukuun+ottamatta+muutamaa+huonetta+jotka+on+muutettu+n%C3%A4yttelytiloiksi.&locale=fi
2019-05-21 15:44:24,356 NamedEntity INFO {'Content-Type': 'application/x-www-form-urlencoded', 'X-Custom': 'Test', 'Content-Length': '156'}
2019-05-21 15:44:24,356 NamedEntity INFO locale=fi&text=Suomen+marsalkka%2C+vapaaherra+Gustaf+Mannerheim+%281867%E2%80%941951%29+asui+Kaivopuistossa+sijaitsevassa+huvilassa+vuosina+1924%E2%80%9451.
2019-05-21 15:44:24,490 NamedEntity INFO {'Content-Type': 'application/x-www-form-urlencoded', 'X-Custom': 'Test', 'Content-Length': '140'}
2019-05-21 15:44:24,491 NamedEntity INFO locale=fi&text=Huvila+on+vuodesta+1951+toiminut+h%C3%A4nen+el%C3%A4m%C3%A4%C3%A4ns%C3%A4+ja+Suomen+historiaa+esittelev%C3%A4n%C3%A4+museona.
2019-05-21 15:44:24,590 NamedEntity INFO {'Content-Type': 'application/x-www-form-urlencoded', 'X-Custom': 'Test', 'Content-Length': '148'}
2019-05-21 15:44:24,591 NamedEntity INFO locale=fi&text=Koti+on+s%C3%A4ilytetty+alkuper%C3%A4isess%C3%A4+asussaan+lukuun+ottamatta+muutamaa+huonetta+jotka+on+muutettu+n%C3%A4yttelytiloiksi.
2019-05-21 15:45:29,862 NamedEntity INFO {'Content-Type': 'application/x-www-form-urlencoded', 'X-Custom': 'Test', 'Content-Length': '239'}
2019-05-21 15:45:29,862 NamedEntity INFO locale=fi&text=Tupu%2C+Hupu+ja+Lupu+%28Dewey%2C+Huey+and+Louie%2C+lueteltuna+englanniksi+yleens%C3%A4+j%C3%A4rjestyksess%C3%A4+Huey%2C+Dewey+and+Louie%29+ovat+sarjakuvahahmo+Aku+Ankan+kolme+holhokkia%2C+koululaisia+ja+sudenpentukenraaleja.
2019-05-21 15:46:29,416 NamedEntity INFO {'Content-Length': '239', 'X-Custom': 'Test', 'Content-Type': 'application/x-www-form-urlencoded'}
2019-05-21 15:46:29,416 NamedEntity INFO locale=fi&text=Tupu%2C+Hupu+ja+Lupu+%28Dewey%2C+Huey+and+Louie%2C+lueteltuna+englanniksi+yleens%C3%A4+j%C3%A4rjestyksess%C3%A4+Huey%2C+Dewey+and+Louie%29+ovat+sarjakuvahahmo+Aku+Ankan+kolme+holhokkia%2C+koululaisia+ja+sudenpentukenraaleja.
2019-05-21 15:49:45,242 NamedEntity INFO {'Content-Length': '239', 'X-Custom': 'Test', 'Content-Type': 'application/x-www-form-urlencoded'}
2019-05-21 15:49:45,242 NamedEntity INFO text=Tupu%2C+Hupu+ja+Lupu+%28Dewey%2C+Huey+and+Louie%2C+lueteltuna+englanniksi+yleens%C3%A4+j%C3%A4rjestyksess%C3%A4+Huey%2C+Dewey+and+Louie%29+ovat+sarjakuvahahmo+Aku+Ankan+kolme+holhokkia%2C+koululaisia+ja+sudenpentukenraaleja.&locale=fi
2019-05-21 15:52:34,777 NamedEntity INFO {'Content-Type': 'application/x-www-form-urlencoded', 'X-Custom': 'Test', 'Content-Length': '19'}
2019-05-21 15:52:34,777 NamedEntity INFO locale=fi&text=Tupu
2019-05-21 15:52:34,858 NamedEntity INFO {'Content-Type': 'application/x-www-form-urlencoded', 'X-Custom': 'Test', 'Content-Length': '19'}
2019-05-21 15:52:34,858 NamedEntity INFO locale=fi&text=Hupu
2019-05-21 15:52:34,884 NamedEntity INFO {'Content-Type': 'application/x-www-form-urlencoded', 'X-Custom': 'Test', 'Content-Length': '19'}
2019-05-21 15:52:34,885 NamedEntity INFO locale=fi&text=Lupu
2019-05-21 15:52:34,966 NamedEntity INFO {'Content-Type': 'application/x-www-form-urlencoded', 'X-Custom': 'Test', 'Content-Length': '20'}
2019-05-21 15:52:34,967 NamedEntity INFO locale=fi&text=Dewey
2019-05-21 15:52:34,997 NamedEntity INFO {'Content-Type': 'application/x-www-form-urlencoded', 'X-Custom': 'Test', 'Content-Length': '29'}
2019-05-21 15:52:34,997 NamedEntity INFO locale=fi&text=Huey+and+Louie
2019-05-21 15:52:35,071 NamedEntity INFO {'Content-Type': 'application/x-www-form-urlencoded', 'X-Custom': 'Test', 'Content-Length': '80'}
2019-05-21 15:52:35,071 NamedEntity INFO locale=fi&text=lueteltuna+englanniksi+yleens%C3%A4+j%C3%A4rjestyksess%C3%A4+Huey
2019-05-21 15:52:35,155 NamedEntity INFO {'Content-Type': 'application/x-www-form-urlencoded', 'X-Custom': 'Test', 'Content-Length': '30'}
2019-05-21 15:52:35,156 NamedEntity INFO locale=fi&text=Dewey+and+Louie
2019-05-21 15:52:35,186 NamedEntity INFO {'Content-Type': 'application/x-www-form-urlencoded', 'X-Custom': 'Test', 'Content-Length': '60'}
2019-05-21 15:52:35,187 NamedEntity INFO locale=fi&text=ovat+sarjakuvahahmo+Aku+Ankan+kolme+holhokkia
2019-05-21 15:52:35,268 NamedEntity INFO {'Content-Type': 'application/x-www-form-urlencoded', 'X-Custom': 'Test', 'Content-Length': '26'}
2019-05-21 15:52:35,268 NamedEntity INFO locale=fi&text=koululaisia
2019-05-21 15:52:35,339 NamedEntity INFO {'Content-Type': 'application/x-www-form-urlencoded', 'X-Custom': 'Test', 'Content-Length': '36'}
2019-05-21 15:52:35,339 NamedEntity INFO locale=fi&text=sudenpentukenraaleja.
2019-05-21 17:37:37,912 NamedEntity INFO {'X-Custom': 'Test', 'Content-Length': '19', 'Content-Type': 'application/x-www-form-urlencoded'}
2019-05-21 17:37:37,912 NamedEntity INFO text=Tupu&locale=fi
2019-05-21 17:37:37,914 NamedEntity INFO {'X-Custom': 'Test', 'Content-Length': '19', 'Content-Type': 'application/x-www-form-urlencoded'}
2019-05-21 17:37:37,914 NamedEntity INFO text=Hupu&locale=fi
2019-05-21 17:37:37,915 NamedEntity INFO {'X-Custom': 'Test', 'Content-Length': '19', 'Content-Type': 'application/x-www-form-urlencoded'}
2019-05-21 17:37:37,915 NamedEntity INFO text=Lupu&locale=fi
2019-05-21 17:37:37,915 NamedEntity INFO {'X-Custom': 'Test', 'Content-Length': '20', 'Content-Type': 'application/x-www-form-urlencoded'}
2019-05-21 17:37:37,916 NamedEntity INFO text=Dewey&locale=fi
2019-05-21 17:37:37,916 NamedEntity INFO {'X-Custom': 'Test', 'Content-Length': '29', 'Content-Type': 'application/x-www-form-urlencoded'}
2019-05-21 17:37:37,916 NamedEntity INFO text=Huey+and+Louie&locale=fi
2019-05-21 17:37:37,917 NamedEntity INFO {'X-Custom': 'Test', 'Content-Length': '80', 'Content-Type': 'application/x-www-form-urlencoded'}
2019-05-21 17:37:37,917 NamedEntity INFO text=lueteltuna+englanniksi+yleens%C3%A4+j%C3%A4rjestyksess%C3%A4+Huey&locale=fi
2019-05-21 17:37:37,918 NamedEntity INFO {'X-Custom': 'Test', 'Content-Length': '30', 'Content-Type': 'application/x-www-form-urlencoded'}
2019-05-21 17:37:37,918 NamedEntity INFO text=Dewey+and+Louie&locale=fi
2019-05-21 17:37:37,919 NamedEntity INFO {'X-Custom': 'Test', 'Content-Length': '60', 'Content-Type': 'application/x-www-form-urlencoded'}
2019-05-21 17:37:37,919 NamedEntity INFO text=ovat+sarjakuvahahmo+Aku+Ankan+kolme+holhokkia&locale=fi
2019-05-21 17:37:37,920 NamedEntity INFO {'X-Custom': 'Test', 'Content-Length': '26', 'Content-Type': 'application/x-www-form-urlencoded'}
2019-05-21 17:37:37,920 NamedEntity INFO text=koululaisia&locale=fi
2019-05-21 17:37:37,921 NamedEntity INFO {'X-Custom': 'Test', 'Content-Length': '36', 'Content-Type': 'application/x-www-form-urlencoded'}
2019-05-21 17:37:37,921 NamedEntity INFO text=sudenpentukenraaleja.&locale=fi
2019-05-21 17:38:32,491 NamedEntity INFO {'Content-Type': 'application/x-www-form-urlencoded', 'Content-Length': '19', 'X-Custom': 'Test'}
2019-05-21 17:38:32,491 NamedEntity INFO text=Tupu&locale=fi
2019-05-21 17:38:32,545 NamedEntity INFO {'Content-Type': 'application/x-www-form-urlencoded', 'Content-Length': '19', 'X-Custom': 'Test'}
2019-05-21 17:38:32,545 NamedEntity INFO text=Hupu&locale=fi
2019-05-21 17:38:32,638 NamedEntity INFO {'Content-Type': 'application/x-www-form-urlencoded', 'Content-Length': '19', 'X-Custom': 'Test'}
2019-05-21 17:38:32,638 NamedEntity INFO text=Lupu&locale=fi
2019-05-21 17:38:32,740 NamedEntity INFO {'Content-Type': 'application/x-www-form-urlencoded', 'Content-Length': '20', 'X-Custom': 'Test'}
2019-05-21 17:38:32,741 NamedEntity INFO text=Dewey&locale=fi
2019-05-21 17:38:32,839 NamedEntity INFO {'Content-Type': 'application/x-www-form-urlencoded', 'Content-Length': '29', 'X-Custom': 'Test'}
2019-05-21 17:38:32,839 NamedEntity INFO text=Huey+and+Louie&locale=fi
2019-05-21 17:38:32,944 NamedEntity INFO {'Content-Type': 'application/x-www-form-urlencoded', 'Content-Length': '80', 'X-Custom': 'Test'}
2019-05-21 17:38:32,944 NamedEntity INFO text=lueteltuna+englanniksi+yleens%C3%A4+j%C3%A4rjestyksess%C3%A4+Huey&locale=fi
2019-05-21 17:38:33,058 NamedEntity INFO {'Content-Type': 'application/x-www-form-urlencoded', 'Content-Length': '30', 'X-Custom': 'Test'}
2019-05-21 17:38:33,058 NamedEntity INFO text=Dewey+and+Louie&locale=fi
2019-05-21 17:38:33,143 NamedEntity INFO {'Content-Type': 'application/x-www-form-urlencoded', 'Content-Length': '60', 'X-Custom': 'Test'}
2019-05-21 17:38:33,143 NamedEntity INFO text=ovat+sarjakuvahahmo+Aku+Ankan+kolme+holhokkia&locale=fi
2019-05-21 17:38:33,236 NamedEntity INFO {'Content-Type': 'application/x-www-form-urlencoded', 'Content-Length': '26', 'X-Custom': 'Test'}
2019-05-21 17:38:33,236 NamedEntity INFO text=koululaisia&locale=fi
2019-05-21 17:38:33,329 NamedEntity INFO {'Content-Type': 'application/x-www-form-urlencoded', 'Content-Length': '36', 'X-Custom': 'Test'}
2019-05-21 17:38:33,329 NamedEntity INFO text=sudenpentukenraaleja.&locale=fi
2019-05-21 17:39:19,979 NamedEntity INFO {'Content-Type': 'application/x-www-form-urlencoded', 'X-Custom': 'Test', 'Content-Length': '19'}
2019-05-21 17:39:19,979 NamedEntity INFO locale=fi&text=Tupu
2019-05-21 17:39:20,027 NamedEntity INFO {'Content-Type': 'application/x-www-form-urlencoded', 'X-Custom': 'Test', 'Content-Length': '19'}
2019-05-21 17:39:20,027 NamedEntity INFO locale=fi&text=Hupu
2019-05-21 17:39:20,061 NamedEntity INFO {'Content-Type': 'application/x-www-form-urlencoded', 'X-Custom': 'Test', 'Content-Length': '19'}
2019-05-21 17:39:20,061 NamedEntity INFO locale=fi&text=Lupu
2019-05-21 17:39:20,140 NamedEntity INFO {'Content-Type': 'application/x-www-form-urlencoded', 'X-Custom': 'Test', 'Content-Length': '20'}
2019-05-21 17:39:20,140 NamedEntity INFO locale=fi&text=Dewey
2019-05-21 17:39:20,233 NamedEntity INFO {'Content-Type': 'application/x-www-form-urlencoded', 'X-Custom': 'Test', 'Content-Length': '29'}
2019-05-21 17:39:20,233 NamedEntity INFO locale=fi&text=Huey+and+Louie
2019-05-21 17:39:20,325 NamedEntity INFO {'Content-Type': 'application/x-www-form-urlencoded', 'X-Custom': 'Test', 'Content-Length': '80'}
2019-05-21 17:39:20,325 NamedEntity INFO locale=fi&text=lueteltuna+englanniksi+yleens%C3%A4+j%C3%A4rjestyksess%C3%A4+Huey
2019-05-21 17:39:20,448 NamedEntity INFO {'Content-Type': 'application/x-www-form-urlencoded', 'X-Custom': 'Test', 'Content-Length': '30'}
2019-05-21 17:39:20,448 NamedEntity INFO locale=fi&text=Dewey+and+Louie
2019-05-21 17:39:20,553 NamedEntity INFO {'Content-Type': 'application/x-www-form-urlencoded', 'X-Custom': 'Test', 'Content-Length': '60'}
2019-05-21 17:39:20,553 NamedEntity INFO locale=fi&text=ovat+sarjakuvahahmo+Aku+Ankan+kolme+holhokkia
2019-05-21 17:39:20,634 NamedEntity INFO {'Content-Type': 'application/x-www-form-urlencoded', 'X-Custom': 'Test', 'Content-Length': '26'}
2019-05-21 17:39:20,634 NamedEntity INFO locale=fi&text=koululaisia
2019-05-21 17:39:20,728 NamedEntity INFO {'Content-Type': 'application/x-www-form-urlencoded', 'X-Custom': 'Test', 'Content-Length': '36'}
2019-05-21 17:39:20,728 NamedEntity INFO locale=fi&text=sudenpentukenraaleja.
2019-05-21 17:40:18,704 NamedEntity INFO {'Content-Type': 'application/x-www-form-urlencoded', 'Content-Length': '19', 'X-Custom': 'Test'}
2019-05-21 17:40:18,704 NamedEntity INFO locale=fi&text=Tupu
2019-05-21 17:40:18,789 NamedEntity INFO {'Content-Type': 'application/x-www-form-urlencoded', 'Content-Length': '19', 'X-Custom': 'Test'}
2019-05-21 17:40:18,789 NamedEntity INFO locale=fi&text=Hupu
2019-05-21 17:40:18,884 NamedEntity INFO {'Content-Type': 'application/x-www-form-urlencoded', 'Content-Length': '19', 'X-Custom': 'Test'}
2019-05-21 17:40:18,885 NamedEntity INFO locale=fi&text=Lupu
2019-05-21 17:40:18,950 NamedEntity INFO {'Content-Type': 'application/x-www-form-urlencoded', 'Content-Length': '20', 'X-Custom': 'Test'}
2019-05-21 17:40:18,950 NamedEntity INFO locale=fi&text=Dewey
2019-05-21 17:40:19,001 NamedEntity INFO {'Content-Type': 'application/x-www-form-urlencoded', 'Content-Length': '29', 'X-Custom': 'Test'}
2019-05-21 17:40:19,002 NamedEntity INFO locale=fi&text=Huey+and+Louie
2019-05-21 17:40:19,086 NamedEntity INFO {'Content-Type': 'application/x-www-form-urlencoded', 'Content-Length': '80', 'X-Custom': 'Test'}
2019-05-21 17:40:19,086 NamedEntity INFO locale=fi&text=lueteltuna+englanniksi+yleens%C3%A4+j%C3%A4rjestyksess%C3%A4+Huey
2019-05-21 17:40:19,186 NamedEntity INFO {'Content-Type': 'application/x-www-form-urlencoded', 'Content-Length': '30', 'X-Custom': 'Test'}
2019-05-21 17:40:19,186 NamedEntity INFO locale=fi&text=Dewey+and+Louie
2019-05-21 17:40:19,250 NamedEntity INFO {'Content-Type': 'application/x-www-form-urlencoded', 'Content-Length': '60', 'X-Custom': 'Test'}
2019-05-21 17:40:19,250 NamedEntity INFO locale=fi&text=ovat+sarjakuvahahmo+Aku+Ankan+kolme+holhokkia
2019-05-21 17:40:19,309 NamedEntity INFO {'Content-Type': 'application/x-www-form-urlencoded', 'Content-Length': '26', 'X-Custom': 'Test'}
2019-05-21 17:40:19,310 NamedEntity INFO locale=fi&text=koululaisia
2019-05-21 17:40:19,451 NamedEntity INFO {'Content-Type': 'application/x-www-form-urlencoded', 'Content-Length': '36', 'X-Custom': 'Test'}
2019-05-21 17:40:19,452 NamedEntity INFO locale=fi&text=sudenpentukenraaleja.
2019-05-21 17:44:30,273 NamedEntity INFO {'Content-Length': '19', 'X-Custom': 'Test', 'Content-Type': 'application/x-www-form-urlencoded'}
2019-05-21 17:44:30,273 NamedEntity INFO locale=fi&text=Tupu
2019-05-21 17:44:30,368 NamedEntity INFO {'Content-Length': '19', 'X-Custom': 'Test', 'Content-Type': 'application/x-www-form-urlencoded'}
2019-05-21 17:44:30,369 NamedEntity INFO locale=fi&text=Hupu
2019-05-21 17:44:30,451 NamedEntity INFO {'Content-Length': '19', 'X-Custom': 'Test', 'Content-Type': 'application/x-www-form-urlencoded'}
2019-05-21 17:44:30,452 NamedEntity INFO locale=fi&text=Lupu
2019-05-21 17:44:30,542 NamedEntity INFO {'Content-Length': '20', 'X-Custom': 'Test', 'Content-Type': 'application/x-www-form-urlencoded'}
2019-05-21 17:44:30,543 NamedEntity INFO locale=fi&text=Dewey
2019-05-21 17:44:30,629 NamedEntity INFO {'Content-Length': '29', 'X-Custom': 'Test', 'Content-Type': 'application/x-www-form-urlencoded'}
2019-05-21 17:44:30,629 NamedEntity INFO locale=fi&text=Huey+and+Louie
2019-05-21 17:44:30,731 NamedEntity INFO {'Content-Length': '80', 'X-Custom': 'Test', 'Content-Type': 'application/x-www-form-urlencoded'}
2019-05-21 17:44:30,732 NamedEntity INFO locale=fi&text=lueteltuna+englanniksi+yleens%C3%A4+j%C3%A4rjestyksess%C3%A4+Huey
2019-05-21 17:44:30,824 NamedEntity INFO {'Content-Length': '30', 'X-Custom': 'Test', 'Content-Type': 'application/x-www-form-urlencoded'}
2019-05-21 17:44:30,825 NamedEntity INFO locale=fi&text=Dewey+and+Louie
2019-05-21 17:44:30,872 NamedEntity INFO {'Content-Length': '60', 'X-Custom': 'Test', 'Content-Type': 'application/x-www-form-urlencoded'}
2019-05-21 17:44:30,872 NamedEntity INFO locale=fi&text=ovat+sarjakuvahahmo+Aku+Ankan+kolme+holhokkia
2019-05-21 17:44:30,948 NamedEntity INFO {'Content-Length': '26', 'X-Custom': 'Test', 'Content-Type': 'application/x-www-form-urlencoded'}
2019-05-21 17:44:30,949 NamedEntity INFO locale=fi&text=koululaisia
2019-05-21 17:44:31,042 NamedEntity INFO {'Content-Length': '36', 'X-Custom': 'Test', 'Content-Type': 'application/x-www-form-urlencoded'}
2019-05-21 17:44:31,042 NamedEntity INFO locale=fi&text=sudenpentukenraaleja.
2019-05-21 17:46:55,049 NamedEntity INFO {'Content-Length': '19', 'X-Custom': 'Test', 'Content-Type': 'application/x-www-form-urlencoded'}
2019-05-21 17:46:55,050 NamedEntity INFO locale=fi&text=Tupu
2019-05-21 17:46:55,103 NamedEntity INFO {'Content-Length': '19', 'X-Custom': 'Test', 'Content-Type': 'application/x-www-form-urlencoded'}
2019-05-21 17:46:55,103 NamedEntity INFO locale=fi&text=Hupu
2019-05-21 17:46:55,187 NamedEntity INFO {'Content-Length': '19', 'X-Custom': 'Test', 'Content-Type': 'application/x-www-form-urlencoded'}
2019-05-21 17:46:55,187 NamedEntity INFO locale=fi&text=Lupu
2019-05-21 17:46:55,287 NamedEntity INFO {'Content-Length': '20', 'X-Custom': 'Test', 'Content-Type': 'application/x-www-form-urlencoded'}
2019-05-21 17:46:55,287 NamedEntity INFO locale=fi&text=Dewey
2019-05-21 17:46:55,370 NamedEntity INFO {'Content-Length': '29', 'X-Custom': 'Test', 'Content-Type': 'application/x-www-form-urlencoded'}
2019-05-21 17:46:55,370 NamedEntity INFO locale=fi&text=Huey+and+Louie
2019-05-21 17:46:55,459 NamedEntity INFO {'Content-Length': '80', 'X-Custom': 'Test', 'Content-Type': 'application/x-www-form-urlencoded'}
2019-05-21 17:46:55,459 NamedEntity INFO locale=fi&text=lueteltuna+englanniksi+yleens%C3%A4+j%C3%A4rjestyksess%C3%A4+Huey
2019-05-21 17:46:55,550 NamedEntity INFO {'Content-Length': '30', 'X-Custom': 'Test', 'Content-Type': 'application/x-www-form-urlencoded'}
2019-05-21 17:46:55,550 NamedEntity INFO locale=fi&text=Dewey+and+Louie
2019-05-21 17:46:55,585 NamedEntity INFO {'Content-Length': '60', 'X-Custom': 'Test', 'Content-Type': 'application/x-www-form-urlencoded'}
2019-05-21 17:46:55,585 NamedEntity INFO locale=fi&text=ovat+sarjakuvahahmo+Aku+Ankan+kolme+holhokkia
2019-05-21 17:46:55,667 NamedEntity INFO {'Content-Length': '26', 'X-Custom': 'Test', 'Content-Type': 'application/x-www-form-urlencoded'}
2019-05-21 17:46:55,668 NamedEntity INFO locale=fi&text=koululaisia
2019-05-21 17:46:55,788 NamedEntity INFO {'Content-Length': '36', 'X-Custom': 'Test', 'Content-Type': 'application/x-www-form-urlencoded'}
2019-05-21 17:46:55,788 NamedEntity INFO locale=fi&text=sudenpentukenraaleja.
2019-05-21 18:02:04,174 NamedEntity INFO {'Content-Length': '19', 'X-Custom': 'Test', 'Content-Type': 'application/x-www-form-urlencoded'}
2019-05-21 18:02:04,174 NamedEntity INFO locale=fi&text=Tupu
2019-05-21 18:02:04,289 NamedEntity INFO {'Content-Length': '19', 'X-Custom': 'Test', 'Content-Type': 'application/x-www-form-urlencoded'}
2019-05-21 18:02:04,290 NamedEntity INFO locale=fi&text=Hupu
2019-05-21 18:02:04,382 NamedEntity INFO {'Content-Length': '19', 'X-Custom': 'Test', 'Content-Type': 'application/x-www-form-urlencoded'}
2019-05-21 18:02:04,382 NamedEntity INFO locale=fi&text=Lupu
2019-05-21 18:02:04,493 NamedEntity INFO {'Content-Length': '20', 'X-Custom': 'Test', 'Content-Type': 'application/x-www-form-urlencoded'}
2019-05-21 18:02:04,493 NamedEntity INFO locale=fi&text=Dewey
2019-05-21 18:02:04,589 NamedEntity INFO {'Content-Length': '29', 'X-Custom': 'Test', 'Content-Type': 'application/x-www-form-urlencoded'}
2019-05-21 18:02:04,590 NamedEntity INFO locale=fi&text=Huey+and+Louie
2019-05-21 18:02:04,680 NamedEntity INFO {'Content-Length': '80', 'X-Custom': 'Test', 'Content-Type': 'application/x-www-form-urlencoded'}
2019-05-21 18:02:04,680 NamedEntity INFO locale=fi&text=lueteltuna+englanniksi+yleens%C3%A4+j%C3%A4rjestyksess%C3%A4+Huey
2019-05-21 18:02:04,756 NamedEntity INFO {'Content-Length': '30', 'X-Custom': 'Test', 'Content-Type': 'application/x-www-form-urlencoded'}
2019-05-21 18:02:04,757 NamedEntity INFO locale=fi&text=Dewey+and+Louie
2019-05-21 18:02:04,845 NamedEntity INFO {'Content-Length': '60', 'X-Custom': 'Test', 'Content-Type': 'application/x-www-form-urlencoded'}
2019-05-21 18:02:04,845 NamedEntity INFO locale=fi&text=ovat+sarjakuvahahmo+Aku+Ankan+kolme+holhokkia
2019-05-21 18:02:04,929 NamedEntity INFO {'Content-Length': '26', 'X-Custom': 'Test', 'Content-Type': 'application/x-www-form-urlencoded'}
2019-05-21 18:02:04,930 NamedEntity INFO locale=fi&text=koululaisia
2019-05-21 18:02:04,965 NamedEntity INFO {'Content-Length': '36', 'X-Custom': 'Test', 'Content-Type': 'application/x-www-form-urlencoded'}
2019-05-21 18:02:04,965 NamedEntity INFO locale=fi&text=sudenpentukenraaleja.
2019-05-21 18:06:43,093 NamedEntity INFO {'X-Custom': 'Test', 'Content-Length': '19', 'Content-Type': 'application/x-www-form-urlencoded'}
2019-05-21 18:06:43,094 NamedEntity INFO locale=fi&text=Tupu
2019-05-21 18:06:43,179 NamedEntity INFO {'X-Custom': 'Test', 'Content-Length': '19', 'Content-Type': 'application/x-www-form-urlencoded'}
2019-05-21 18:06:43,180 NamedEntity INFO locale=fi&text=Hupu
2019-05-21 18:06:43,267 NamedEntity INFO {'X-Custom': 'Test', 'Content-Length': '19', 'Content-Type': 'application/x-www-form-urlencoded'}
2019-05-21 18:06:43,267 NamedEntity INFO locale=fi&text=Lupu
2019-05-21 18:06:43,353 NamedEntity INFO {'X-Custom': 'Test', 'Content-Length': '20', 'Content-Type': 'application/x-www-form-urlencoded'}
2019-05-21 18:06:43,353 NamedEntity INFO locale=fi&text=Dewey
2019-05-21 18:06:43,446 NamedEntity INFO {'X-Custom': 'Test', 'Content-Length': '29', 'Content-Type': 'application/x-www-form-urlencoded'}
2019-05-21 18:06:43,446 NamedEntity INFO locale=fi&text=Huey+and+Louie
2019-05-21 18:06:43,538 NamedEntity INFO {'X-Custom': 'Test', 'Content-Length': '80', 'Content-Type': 'application/x-www-form-urlencoded'}
2019-05-21 18:06:43,538 NamedEntity INFO locale=fi&text=lueteltuna+englanniksi+yleens%C3%A4+j%C3%A4rjestyksess%C3%A4+Huey
2019-05-21 18:06:43,648 NamedEntity INFO {'X-Custom': 'Test', 'Content-Length': '30', 'Content-Type': 'application/x-www-form-urlencoded'}
2019-05-21 18:06:43,648 NamedEntity INFO locale=fi&text=Dewey+and+Louie
2019-05-21 18:06:43,725 NamedEntity INFO {'X-Custom': 'Test', 'Content-Length': '60', 'Content-Type': 'application/x-www-form-urlencoded'}
2019-05-21 18:06:43,725 NamedEntity INFO locale=fi&text=ovat+sarjakuvahahmo+Aku+Ankan+kolme+holhokkia
2019-05-21 18:06:43,818 NamedEntity INFO {'X-Custom': 'Test', 'Content-Length': '26', 'Content-Type': 'application/x-www-form-urlencoded'}
2019-05-21 18:06:43,818 NamedEntity INFO locale=fi&text=koululaisia
2019-05-21 18:06:43,849 NamedEntity INFO {'X-Custom': 'Test', 'Content-Length': '36', 'Content-Type': 'application/x-www-form-urlencoded'}
2019-05-21 18:06:43,850 NamedEntity INFO locale=fi&text=sudenpentukenraaleja.
2019-05-21 18:07:41,709 NamedEntity INFO {'Content-Length': '19', 'X-Custom': 'Test', 'Content-Type': 'application/x-www-form-urlencoded'}
2019-05-21 18:07:41,709 NamedEntity INFO locale=fi&text=Tupu
2019-05-21 18:07:41,756 NamedEntity INFO {'Content-Length': '19', 'X-Custom': 'Test', 'Content-Type': 'application/x-www-form-urlencoded'}
2019-05-21 18:07:41,756 NamedEntity INFO locale=fi&text=Hupu
2019-05-21 18:07:41,849 NamedEntity INFO {'Content-Length': '19', 'X-Custom': 'Test', 'Content-Type': 'application/x-www-form-urlencoded'}
2019-05-21 18:07:41,849 NamedEntity INFO locale=fi&text=Lupu
2019-05-21 18:07:41,942 NamedEntity INFO {'Content-Length': '20', 'X-Custom': 'Test', 'Content-Type': 'application/x-www-form-urlencoded'}
2019-05-21 18:07:41,942 NamedEntity INFO locale=fi&text=Dewey
2019-05-21 18:07:42,037 NamedEntity INFO {'Content-Length': '29', 'X-Custom': 'Test', 'Content-Type': 'application/x-www-form-urlencoded'}
2019-05-21 18:07:42,037 NamedEntity INFO locale=fi&text=Huey+and+Louie
2019-05-21 18:07:42,087 NamedEntity INFO {'Content-Length': '80', 'X-Custom': 'Test', 'Content-Type': 'application/x-www-form-urlencoded'}
2019-05-21 18:07:42,087 NamedEntity INFO locale=fi&text=lueteltuna+englanniksi+yleens%C3%A4+j%C3%A4rjestyksess%C3%A4+Huey
2019-05-21 18:07:42,158 NamedEntity INFO {'Content-Length': '30', 'X-Custom': 'Test', 'Content-Type': 'application/x-www-form-urlencoded'}
2019-05-21 18:07:42,158 NamedEntity INFO locale=fi&text=Dewey+and+Louie
2019-05-21 18:07:42,261 NamedEntity INFO {'Content-Length': '60', 'X-Custom': 'Test', 'Content-Type': 'application/x-www-form-urlencoded'}
2019-05-21 18:07:42,261 NamedEntity INFO locale=fi&text=ovat+sarjakuvahahmo+Aku+Ankan+kolme+holhokkia
2019-05-21 18:07:42,351 NamedEntity INFO {'Content-Length': '26', 'X-Custom': 'Test', 'Content-Type': 'application/x-www-form-urlencoded'}
2019-05-21 18:07:42,352 NamedEntity INFO locale=fi&text=koululaisia
2019-05-21 18:07:42,436 NamedEntity INFO {'Content-Length': '36', 'X-Custom': 'Test', 'Content-Type': 'application/x-www-form-urlencoded'}
2019-05-21 18:07:42,436 NamedEntity INFO locale=fi&text=sudenpentukenraaleja.
2019-05-21 18:09:29,589 NamedEntity INFO {'Content-Length': '19', 'X-Custom': 'Test', 'Content-Type': 'application/x-www-form-urlencoded'}
2019-05-21 18:09:29,589 NamedEntity INFO locale=fi&text=Tupu
2019-05-21 18:09:29,635 NamedEntity INFO {'Content-Length': '19', 'X-Custom': 'Test', 'Content-Type': 'application/x-www-form-urlencoded'}
2019-05-21 18:09:29,635 NamedEntity INFO locale=fi&text=Hupu
2019-05-21 18:09:29,730 NamedEntity INFO {'Content-Length': '19', 'X-Custom': 'Test', 'Content-Type': 'application/x-www-form-urlencoded'}
2019-05-21 18:09:29,731 NamedEntity INFO locale=fi&text=Lupu
2019-05-21 18:09:29,841 NamedEntity INFO {'Content-Length': '20', 'X-Custom': 'Test', 'Content-Type': 'application/x-www-form-urlencoded'}
2019-05-21 18:09:29,841 NamedEntity INFO locale=fi&text=Dewey
2019-05-21 18:09:29,918 NamedEntity INFO {'Content-Length': '29', 'X-Custom': 'Test', 'Content-Type': 'application/x-www-form-urlencoded'}
2019-05-21 18:09:29,919 NamedEntity INFO locale=fi&text=Huey+and+Louie
2019-05-21 18:09:30,007 NamedEntity INFO {'Content-Length': '80', 'X-Custom': 'Test', 'Content-Type': 'application/x-www-form-urlencoded'}
2019-05-21 18:09:30,007 NamedEntity INFO locale=fi&text=lueteltuna+englanniksi+yleens%C3%A4+j%C3%A4rjestyksess%C3%A4+Huey
2019-05-21 18:09:30,109 NamedEntity INFO {'Content-Length': '30', 'X-Custom': 'Test', 'Content-Type': 'application/x-www-form-urlencoded'}
2019-05-21 18:09:30,109 NamedEntity INFO locale=fi&text=Dewey+and+Louie
2019-05-21 18:09:30,208 NamedEntity INFO {'Content-Length': '60', 'X-Custom': 'Test', 'Content-Type': 'application/x-www-form-urlencoded'}
2019-05-21 18:09:30,208 NamedEntity INFO locale=fi&text=ovat+sarjakuvahahmo+Aku+Ankan+kolme+holhokkia
2019-05-21 18:09:30,322 NamedEntity INFO {'Content-Length': '26', 'X-Custom': 'Test', 'Content-Type': 'application/x-www-form-urlencoded'}
2019-05-21 18:09:30,322 NamedEntity INFO locale=fi&text=koululaisia
2019-05-21 18:09:30,396 NamedEntity INFO {'Content-Length': '36', 'X-Custom': 'Test', 'Content-Type': 'application/x-www-form-urlencoded'}
2019-05-21 18:09:30,397 NamedEntity INFO locale=fi&text=sudenpentukenraaleja.
2019-05-21 18:16:24,292 NamedEntity INFO {'Content-Length': '21', 'X-Custom': 'Test', 'Content-Type': 'application/x-www-form-urlencoded'}
2019-05-21 18:16:24,292 NamedEntity INFO locale=fi&text=Kasper
2019-05-21 18:16:24,412 NamedEntity INFO {'Content-Length': '21', 'X-Custom': 'Test', 'Content-Type': 'application/x-www-form-urlencoded'}
2019-05-21 18:16:24,413 NamedEntity INFO locale=fi&text=Jesper
2019-05-21 18:16:24,525 NamedEntity INFO {'Content-Length': '54', 'X-Custom': 'Test', 'Content-Type': 'application/x-www-form-urlencoded'}
2019-05-21 18:16:24,525 NamedEntity INFO locale=fi&text=Joonatan+%E2%80%93+kolme+iloista+rosvoa
2019-05-21 18:16:24,606 NamedEntity INFO {'Content-Length': '20', 'X-Custom': 'Test', 'Content-Type': 'application/x-www-form-urlencoded'}
2019-05-21 18:16:24,606 NamedEntity INFO locale=fi&text=norj.
2019-05-21 18:16:24,700 NamedEntity INFO {'Content-Length': '50', 'X-Custom': 'Test', 'Content-Type': 'application/x-www-form-urlencoded'}
2019-05-21 18:16:24,700 NamedEntity INFO locale=fi&text=Folk+og+r%C3%B8vere+i+Kardemomme+by
2019-05-21 18:16:24,797 NamedEntity INFO {'Content-Length': '91', 'X-Custom': 'Test', 'Content-Type': 'application/x-www-form-urlencoded'}
2019-05-21 18:16:24,797 NamedEntity INFO locale=fi&text=on+norjalaisen+Thorbj%C3%B8rn+Egnerin+vuonna+1955+kirjoittama+lastenromaani.
2019-05-21 18:16:24,903 NamedEntity INFO {'Content-Length': '55', 'X-Custom': 'Test', 'Content-Type': 'application/x-www-form-urlencoded'}
2019-05-21 18:16:24,903 NamedEntity INFO locale=fi&text=Kirjaan+liittyy+my%C3%B6s+joukko+lauluja
2019-05-21 18:16:24,984 NamedEntity INFO {'Content-Length': '75', 'X-Custom': 'Test', 'Content-Type': 'application/x-www-form-urlencoded'}
2019-05-21 18:16:24,984 NamedEntity INFO locale=fi&text=joista+useimmat+ovat+Egnerin+itse+s%C3%A4velt%C3%A4mi%C3%A4.
2019-05-21 18:16:25,049 NamedEntity INFO {'Content-Length': '60', 'X-Custom': 'Test', 'Content-Type': 'application/x-www-form-urlencoded'}
2019-05-21 18:16:25,050 NamedEntity INFO locale=fi&text=Kirjasta+on+tehty+n%C3%A4ytelm%C3%A4versioita
2019-05-21 18:16:25,142 NamedEntity INFO {'Content-Length': '36', 'X-Custom': 'Test', 'Content-Type': 'application/x-www-form-urlencoded'}
2019-05-21 18:16:25,142 NamedEntity INFO locale=fi&text=ainakin+yksi+elokuva.
2019-05-21 18:16:25,232 NamedEntity INFO {'Content-Length': '72', 'X-Custom': 'Test', 'Content-Type': 'application/x-www-form-urlencoded'}
2019-05-21 18:16:25,232 NamedEntity INFO locale=fi&text=132-sivuisessa+kirjassa+on+tekij%C3%A4n+v%C3%A4rikuvitus.
2019-05-21 18:19:43,235 NamedEntity INFO {'X-Custom': 'Test', 'Content-Length': '21', 'Content-Type': 'application/x-www-form-urlencoded'}
2019-05-21 18:19:43,235 NamedEntity INFO text=Kasper&locale=fi
2019-05-21 18:19:43,305 NamedEntity INFO {'X-Custom': 'Test', 'Content-Length': '21', 'Content-Type': 'application/x-www-form-urlencoded'}
2019-05-21 18:19:43,305 NamedEntity INFO text=Jesper&locale=fi
2019-05-21 18:19:43,374 NamedEntity INFO {'X-Custom': 'Test', 'Content-Length': '54', 'Content-Type': 'application/x-www-form-urlencoded'}
2019-05-21 18:19:43,374 NamedEntity INFO text=Joonatan+%E2%80%93+kolme+iloista+rosvoa&locale=fi
2019-05-21 18:19:43,476 NamedEntity INFO {'X-Custom': 'Test', 'Content-Length': '20', 'Content-Type': 'application/x-www-form-urlencoded'}
2019-05-21 18:19:43,476 NamedEntity INFO text=norj.&locale=fi
2019-05-21 18:19:43,560 NamedEntity INFO {'X-Custom': 'Test', 'Content-Length': '50', 'Content-Type': 'application/x-www-form-urlencoded'}
2019-05-21 18:19:43,561 NamedEntity INFO text=Folk+og+r%C3%B8vere+i+Kardemomme+by&locale=fi
2019-05-21 18:19:43,659 NamedEntity INFO {'X-Custom': 'Test', 'Content-Length': '91', 'Content-Type': 'application/x-www-form-urlencoded'}
2019-05-21 18:19:43,659 NamedEntity INFO text=on+norjalaisen+Thorbj%C3%B8rn+Egnerin+vuonna+1955+kirjoittama+lastenromaani.&locale=fi
2019-05-21 18:19:43,776 NamedEntity INFO {'X-Custom': 'Test', 'Content-Length': '55', 'Content-Type': 'application/x-www-form-urlencoded'}
2019-05-21 18:19:43,777 NamedEntity INFO text=Kirjaan+liittyy+my%C3%B6s+joukko+lauluja&locale=fi
2019-05-21 18:19:43,840 NamedEntity INFO {'X-Custom': 'Test', 'Content-Length': '75', 'Content-Type': 'application/x-www-form-urlencoded'}
2019-05-21 18:19:43,840 NamedEntity INFO text=joista+useimmat+ovat+Egnerin+itse+s%C3%A4velt%C3%A4mi%C3%A4.&locale=fi
2019-05-21 18:19:43,932 NamedEntity INFO {'X-Custom': 'Test', 'Content-Length': '60', 'Content-Type': 'application/x-www-form-urlencoded'}
2019-05-21 18:19:43,933 NamedEntity INFO text=Kirjasta+on+tehty+n%C3%A4ytelm%C3%A4versioita&locale=fi
2019-05-21 18:19:44,016 NamedEntity INFO {'X-Custom': 'Test', 'Content-Length': '36', 'Content-Type': 'application/x-www-form-urlencoded'}
2019-05-21 18:19:44,016 NamedEntity INFO text=ainakin+yksi+elokuva.&locale=fi
2019-05-21 18:19:44,114 NamedEntity INFO {'X-Custom': 'Test', 'Content-Length': '72', 'Content-Type': 'application/x-www-form-urlencoded'}
2019-05-21 18:19:44,114 NamedEntity INFO text=132-sivuisessa+kirjassa+on+tekij%C3%A4n+v%C3%A4rikuvitus.&locale=fi
2019-05-21 18:21:07,369 NamedEntity INFO {'X-Custom': 'Test', 'Content-Type': 'application/x-www-form-urlencoded', 'Content-Length': '21'}
2019-05-21 18:21:07,369 NamedEntity INFO locale=fi&text=Kasper
2019-05-21 18:21:07,448 NamedEntity INFO {'X-Custom': 'Test', 'Content-Type': 'application/x-www-form-urlencoded', 'Content-Length': '21'}
2019-05-21 18:21:07,448 NamedEntity INFO locale=fi&text=Jesper
2019-05-21 18:21:07,528 NamedEntity INFO {'X-Custom': 'Test', 'Content-Type': 'application/x-www-form-urlencoded', 'Content-Length': '54'}
2019-05-21 18:21:07,529 NamedEntity INFO locale=fi&text=Joonatan+%E2%80%93+kolme+iloista+rosvoa
2019-05-21 18:21:07,654 NamedEntity INFO {'X-Custom': 'Test', 'Content-Type': 'application/x-www-form-urlencoded', 'Content-Length': '20'}
2019-05-21 18:21:07,654 NamedEntity INFO locale=fi&text=norj.
2019-05-21 18:21:07,689 NamedEntity INFO {'X-Custom': 'Test', 'Content-Type': 'application/x-www-form-urlencoded', 'Content-Length': '50'}
2019-05-21 18:21:07,690 NamedEntity INFO locale=fi&text=Folk+og+r%C3%B8vere+i+Kardemomme+by
2019-05-21 18:21:07,847 NamedEntity INFO {'X-Custom': 'Test', 'Content-Type': 'application/x-www-form-urlencoded', 'Content-Length': '91'}
2019-05-21 18:21:07,847 NamedEntity INFO locale=fi&text=on+norjalaisen+Thorbj%C3%B8rn+Egnerin+vuonna+1955+kirjoittama+lastenromaani.
2019-05-21 18:21:07,942 NamedEntity INFO {'X-Custom': 'Test', 'Content-Type': 'application/x-www-form-urlencoded', 'Content-Length': '55'}
2019-05-21 18:21:07,942 NamedEntity INFO locale=fi&text=Kirjaan+liittyy+my%C3%B6s+joukko+lauluja
2019-05-21 18:21:08,066 NamedEntity INFO {'X-Custom': 'Test', 'Content-Type': 'application/x-www-form-urlencoded', 'Content-Length': '75'}
2019-05-21 18:21:08,066 NamedEntity INFO locale=fi&text=joista+useimmat+ovat+Egnerin+itse+s%C3%A4velt%C3%A4mi%C3%A4.
2019-05-21 18:21:08,155 NamedEntity INFO {'X-Custom': 'Test', 'Content-Type': 'application/x-www-form-urlencoded', 'Content-Length': '60'}
2019-05-21 18:21:08,156 NamedEntity INFO locale=fi&text=Kirjasta+on+tehty+n%C3%A4ytelm%C3%A4versioita
2019-05-21 18:21:08,247 NamedEntity INFO {'X-Custom': 'Test', 'Content-Type': 'application/x-www-form-urlencoded', 'Content-Length': '36'}
2019-05-21 18:21:08,248 NamedEntity INFO locale=fi&text=ainakin+yksi+elokuva.
2019-05-21 18:21:08,333 NamedEntity INFO {'X-Custom': 'Test', 'Content-Type': 'application/x-www-form-urlencoded', 'Content-Length': '72'}
2019-05-21 18:21:08,333 NamedEntity INFO locale=fi&text=132-sivuisessa+kirjassa+on+tekij%C3%A4n+v%C3%A4rikuvitus.
2019-05-21 18:26:15,598 NamedEntity INFO {'Content-Type': 'application/x-www-form-urlencoded', 'X-Custom': 'Test', 'Content-Length': '21'}
2019-05-21 18:26:15,598 NamedEntity INFO locale=fi&text=Kasper
2019-05-21 18:26:15,693 NamedEntity INFO {'Content-Type': 'application/x-www-form-urlencoded', 'X-Custom': 'Test', 'Content-Length': '21'}
2019-05-21 18:26:15,693 NamedEntity INFO locale=fi&text=Jesper
2019-05-21 18:26:15,722 NamedEntity INFO {'Content-Type': 'application/x-www-form-urlencoded', 'X-Custom': 'Test', 'Content-Length': '54'}
2019-05-21 18:26:15,722 NamedEntity INFO locale=fi&text=Joonatan+%E2%80%93+kolme+iloista+rosvoa
2019-05-21 18:26:15,804 NamedEntity INFO {'Content-Type': 'application/x-www-form-urlencoded', 'X-Custom': 'Test', 'Content-Length': '20'}
2019-05-21 18:26:15,804 NamedEntity INFO locale=fi&text=norj.
2019-05-21 18:26:15,891 NamedEntity INFO {'Content-Type': 'application/x-www-form-urlencoded', 'X-Custom': 'Test', 'Content-Length': '50'}
2019-05-21 18:26:15,892 NamedEntity INFO locale=fi&text=Folk+og+r%C3%B8vere+i+Kardemomme+by
2019-05-21 18:26:15,985 NamedEntity INFO {'Content-Type': 'application/x-www-form-urlencoded', 'X-Custom': 'Test', 'Content-Length': '91'}
2019-05-21 18:26:15,985 NamedEntity INFO locale=fi&text=on+norjalaisen+Thorbj%C3%B8rn+Egnerin+vuonna+1955+kirjoittama+lastenromaani.
2019-05-21 18:26:16,079 NamedEntity INFO {'Content-Type': 'application/x-www-form-urlencoded', 'X-Custom': 'Test', 'Content-Length': '55'}
2019-05-21 18:26:16,080 NamedEntity INFO locale=fi&text=Kirjaan+liittyy+my%C3%B6s+joukko+lauluja
2019-05-21 18:26:16,139 NamedEntity INFO {'Content-Type': 'application/x-www-form-urlencoded', 'X-Custom': 'Test', 'Content-Length': '75'}
2019-05-21 18:26:16,139 NamedEntity INFO locale=fi&text=joista+useimmat+ovat+Egnerin+itse+s%C3%A4velt%C3%A4mi%C3%A4.
2019-05-21 18:26:16,232 NamedEntity INFO {'Content-Type': 'application/x-www-form-urlencoded', 'X-Custom': 'Test', 'Content-Length': '60'}
2019-05-21 18:26:16,232 NamedEntity INFO locale=fi&text=Kirjasta+on+tehty+n%C3%A4ytelm%C3%A4versioita
2019-05-21 18:26:16,317 NamedEntity INFO {'Content-Type': 'application/x-www-form-urlencoded', 'X-Custom': 'Test', 'Content-Length': '36'}
2019-05-21 18:26:16,317 NamedEntity INFO locale=fi&text=ainakin+yksi+elokuva.
2019-05-21 18:26:16,414 NamedEntity INFO {'Content-Type': 'application/x-www-form-urlencoded', 'X-Custom': 'Test', 'Content-Length': '72'}
2019-05-21 18:26:16,415 NamedEntity INFO locale=fi&text=132-sivuisessa+kirjassa+on+tekij%C3%A4n+v%C3%A4rikuvitus.
2019-05-21 18:27:57,425 NamedEntity INFO {'Content-Type': 'application/x-www-form-urlencoded', 'X-Custom': 'Test', 'Content-Length': '46'}
2019-05-21 18:27:57,425 NamedEntity INFO locale=fi&text=Tarina+kertoo+kolmesta+rosvosta
2019-05-21 18:27:57,532 NamedEntity INFO {'Content-Type': 'application/x-www-form-urlencoded', 'X-Custom': 'Test', 'Content-Length': '41'}
2019-05-21 18:27:57,532 NamedEntity INFO locale=fi&text=nimilt%C3%A4%C3%A4n+Kasper
2019-05-21 18:27:57,608 NamedEntity INFO {'Content-Type': 'application/x-www-form-urlencoded', 'X-Custom': 'Test', 'Content-Length': '21'}
2019-05-21 18:27:57,608 NamedEntity INFO locale=fi&text=Jesper
2019-05-21 18:27:57,699 NamedEntity INFO {'Content-Type': 'application/x-www-form-urlencoded', 'X-Custom': 'Test', 'Content-Length': '24'}
2019-05-21 18:27:57,699 NamedEntity INFO locale=fi&text=Joonatan.
2019-05-21 18:27:57,786 NamedEntity INFO {'Content-Type': 'application/x-www-form-urlencoded', 'X-Custom': 'Test', 'Content-Length': '65'}
2019-05-21 18:27:57,786 NamedEntity INFO locale=fi&text=He+k%C3%A4yv%C3%A4t+aina+y%C3%B6ll%C3%A4+varkaissa
2019-05-21 18:27:57,856 NamedEntity INFO {'Content-Type': 'application/x-www-form-urlencoded', 'X-Custom': 'Test', 'Content-Length': '41'}
2019-05-21 18:27:57,856 NamedEntity INFO locale=fi&text=ottavat+vain+tarpeellista.
2019-05-21 18:27:57,979 NamedEntity INFO {'Content-Type': 'application/x-www-form-urlencoded', 'X-Custom': 'Test', 'Content-Length': '60'}
2019-05-21 18:27:57,979 NamedEntity INFO locale=fi&text=He+asuvat+kaupungissa+nimelt%C3%A4+Kardemumma
2019-05-21 18:27:58,027 NamedEntity INFO {'Content-Type': 'application/x-www-form-urlencoded', 'X-Custom': 'Test', 'Content-Length': '55'}
2019-05-21 18:27:58,028 NamedEntity INFO locale=fi&text=jossa+on+paljon+hullunkurisia+asukkaita.
2019-05-21 18:27:58,099 NamedEntity INFO {'Content-Type': 'application/x-www-form-urlencoded', 'X-Custom': 'Test', 'Content-Length': '61'}
2019-05-21 18:27:58,100 NamedEntity INFO locale=fi&text=S%C3%A4%C3%A4n+he+saavat+tietoonsa+Topiakselta
2019-05-21 18:27:58,192 NamedEntity INFO {'Content-Type': 'application/x-www-form-urlencoded', 'X-Custom': 'Test', 'Content-Length': '65'}
2019-05-21 18:27:58,192 NamedEntity INFO locale=fi&text=ja+kaupunkia+vartioi+kiltti+poliisimestari+Paavali
2019-05-21 18:27:58,290 NamedEntity INFO {'Content-Type': 'application/x-www-form-urlencoded', 'X-Custom': 'Test', 'Content-Length': '57'}
2019-05-21 18:27:58,290 NamedEntity INFO locale=fi&text=joka+ei+haluaisi+vangita+ket%C3%A4%C3%A4n.
2019-05-21 18:27:58,395 NamedEntity INFO {'Content-Type': 'application/x-www-form-urlencoded', 'X-Custom': 'Test', 'Content-Length': '49'}
2019-05-21 18:27:58,395 NamedEntity INFO locale=fi&text=Rosvoilla+taas+on+kotonaan+leijona
2019-05-21 18:27:58,440 NamedEntity INFO {'Content-Type': 'application/x-www-form-urlencoded', 'X-Custom': 'Test', 'Content-Length': '90'}
2019-05-21 18:27:58,440 NamedEntity INFO locale=fi&text=jonka+takia+kukaan+ei+k%C3%A4y+pid%C3%A4tt%C3%A4m%C3%A4ss%C3%A4+heit%C3%A4.
2019-05-21 18:29:30,580 NamedEntity INFO {'Content-Type': 'application/x-www-form-urlencoded', 'X-Custom': 'Test', 'Content-Length': '46'}
2019-05-21 18:29:30,581 NamedEntity INFO locale=fi&text=Tarina+kertoo+kolmesta+rosvosta
2019-05-21 18:29:30,662 NamedEntity INFO {'Content-Type': 'application/x-www-form-urlencoded', 'X-Custom': 'Test', 'Content-Length': '48'}
2019-05-21 18:29:30,662 NamedEntity INFO locale=fi&text=nimilt%C3%A4%C3%A4n+Kasper+Kataja
2019-05-21 18:29:30,738 NamedEntity INFO {'Content-Type': 'application/x-www-form-urlencoded', 'X-Custom': 'Test', 'Content-Length': '30'}
2019-05-21 18:29:30,739 NamedEntity INFO locale=fi&text=Jesper+Virtanen
2019-05-21 18:29:30,833 NamedEntity INFO {'Content-Type': 'application/x-www-form-urlencoded', 'X-Custom': 'Test', 'Content-Length': '33'}
2019-05-21 18:29:30,834 NamedEntity INFO locale=fi&text=Joonatan+Korhonen.
2019-05-21 18:29:30,925 NamedEntity INFO {'Content-Type': 'application/x-www-form-urlencoded', 'X-Custom': 'Test', 'Content-Length': '65'}
2019-05-21 18:29:30,925 NamedEntity INFO locale=fi&text=He+k%C3%A4yv%C3%A4t+aina+y%C3%B6ll%C3%A4+varkaissa
2019-05-21 18:29:31,020 NamedEntity INFO {'Content-Type': 'application/x-www-form-urlencoded', 'X-Custom': 'Test', 'Content-Length': '41'}
2019-05-21 18:29:31,021 NamedEntity INFO locale=fi&text=ottavat+vain+tarpeellista.
2019-05-21 18:29:31,110 NamedEntity INFO {'Content-Type': 'application/x-www-form-urlencoded', 'X-Custom': 'Test', 'Content-Length': '60'}
2019-05-21 18:29:31,110 NamedEntity INFO locale=fi&text=He+asuvat+kaupungissa+nimelt%C3%A4+Kardemumma
2019-05-21 18:29:31,202 NamedEntity INFO {'Content-Type': 'application/x-www-form-urlencoded', 'X-Custom': 'Test', 'Content-Length': '55'}
2019-05-21 18:29:31,203 NamedEntity INFO locale=fi&text=jossa+on+paljon+hullunkurisia+asukkaita.
2019-05-21 18:29:31,304 NamedEntity INFO {'Content-Type': 'application/x-www-form-urlencoded', 'X-Custom': 'Test', 'Content-Length': '61'}
2019-05-21 18:29:31,305 NamedEntity INFO locale=fi&text=S%C3%A4%C3%A4n+he+saavat+tietoonsa+Topiakselta
2019-05-21 18:29:31,391 NamedEntity INFO {'Content-Type': 'application/x-www-form-urlencoded', 'X-Custom': 'Test', 'Content-Length': '65'}
2019-05-21 18:29:31,391 NamedEntity INFO locale=fi&text=ja+kaupunkia+vartioi+kiltti+poliisimestari+Paavali
2019-05-21 18:29:31,488 NamedEntity INFO {'Content-Type': 'application/x-www-form-urlencoded', 'X-Custom': 'Test', 'Content-Length': '57'}
2019-05-21 18:29:31,488 NamedEntity INFO locale=fi&text=joka+ei+haluaisi+vangita+ket%C3%A4%C3%A4n.
2019-05-21 18:29:31,579 NamedEntity INFO {'Content-Type': 'application/x-www-form-urlencoded', 'X-Custom': 'Test', 'Content-Length': '49'}
2019-05-21 18:29:31,579 NamedEntity INFO locale=fi&text=Rosvoilla+taas+on+kotonaan+leijona
2019-05-21 18:29:31,678 NamedEntity INFO {'Content-Type': 'application/x-www-form-urlencoded', 'X-Custom': 'Test', 'Content-Length': '90'}
2019-05-21 18:29:31,678 NamedEntity INFO locale=fi&text=jonka+takia+kukaan+ei+k%C3%A4y+pid%C3%A4tt%C3%A4m%C3%A4ss%C3%A4+heit%C3%A4.
2019-05-22 10:21:09,695 NamedEntity INFO {'X-Custom': 'Test', 'Content-Type': 'application/x-www-form-urlencoded', 'Content-Length': '46'}
2019-05-22 10:21:09,696 NamedEntity INFO locale=fi&text=Tarina+kertoo+kolmesta+rosvosta
2019-05-22 10:21:10,162 NamedEntity INFO {'X-Custom': 'Test', 'Content-Type': 'application/x-www-form-urlencoded', 'Content-Length': '48'}
2019-05-22 10:21:10,163 NamedEntity INFO locale=fi&text=nimilt%C3%A4%C3%A4n+Kasper+Kataja
2019-05-22 10:21:10,261 NamedEntity INFO {'X-Custom': 'Test', 'Content-Type': 'application/x-www-form-urlencoded', 'Content-Length': '30'}
2019-05-22 10:21:10,261 NamedEntity INFO locale=fi&text=Jesper+Virtanen
2019-05-22 10:21:10,322 NamedEntity INFO {'X-Custom': 'Test', 'Content-Type': 'application/x-www-form-urlencoded', 'Content-Length': '33'}
2019-05-22 10:21:10,323 NamedEntity INFO locale=fi&text=Joonatan+Korhonen.
2019-05-22 10:21:10,420 NamedEntity INFO {'X-Custom': 'Test', 'Content-Type': 'application/x-www-form-urlencoded', 'Content-Length': '65'}
2019-05-22 10:21:10,420 NamedEntity INFO locale=fi&text=He+k%C3%A4yv%C3%A4t+aina+y%C3%B6ll%C3%A4+varkaissa
2019-05-22 10:21:10,515 NamedEntity INFO {'X-Custom': 'Test', 'Content-Type': 'application/x-www-form-urlencoded', 'Content-Length': '41'}
2019-05-22 10:21:10,515 NamedEntity INFO locale=fi&text=ottavat+vain+tarpeellista.
2019-05-22 10:21:10,603 NamedEntity INFO {'X-Custom': 'Test', 'Content-Type': 'application/x-www-form-urlencoded', 'Content-Length': '60'}
2019-05-22 10:21:10,603 NamedEntity INFO locale=fi&text=He+asuvat+kaupungissa+nimelt%C3%A4+Kardemumma
2019-05-22 10:21:10,676 NamedEntity INFO {'X-Custom': 'Test', 'Content-Type': 'application/x-www-form-urlencoded', 'Content-Length': '55'}
2019-05-22 10:21:10,676 NamedEntity INFO locale=fi&text=jossa+on+paljon+hullunkurisia+asukkaita.
2019-05-22 10:21:10,723 NamedEntity INFO {'X-Custom': 'Test', 'Content-Type': 'application/x-www-form-urlencoded', 'Content-Length': '61'}
2019-05-22 10:21:10,723 NamedEntity INFO locale=fi&text=S%C3%A4%C3%A4n+he+saavat+tietoonsa+Topiakselta
2019-05-22 10:21:10,806 NamedEntity INFO {'X-Custom': 'Test', 'Content-Type': 'application/x-www-form-urlencoded', 'Content-Length': '65'}
2019-05-22 10:21:10,807 NamedEntity INFO locale=fi&text=ja+kaupunkia+vartioi+kiltti+poliisimestari+Paavali
2019-05-22 10:21:10,923 NamedEntity INFO {'X-Custom': 'Test', 'Content-Type': 'application/x-www-form-urlencoded', 'Content-Length': '57'}
2019-05-22 10:21:10,924 NamedEntity INFO locale=fi&text=joka+ei+haluaisi+vangita+ket%C3%A4%C3%A4n.
2019-05-22 10:21:11,013 NamedEntity INFO {'X-Custom': 'Test', 'Content-Type': 'application/x-www-form-urlencoded', 'Content-Length': '49'}
2019-05-22 10:21:11,014 NamedEntity INFO locale=fi&text=Rosvoilla+taas+on+kotonaan+leijona
2019-05-22 10:21:11,129 NamedEntity INFO {'X-Custom': 'Test', 'Content-Type': 'application/x-www-form-urlencoded', 'Content-Length': '90'}
2019-05-22 10:21:11,129 NamedEntity INFO locale=fi&text=jonka+takia+kukaan+ei+k%C3%A4y+pid%C3%A4tt%C3%A4m%C3%A4ss%C3%A4+heit%C3%A4.
2019-05-22 10:22:20,002 NamedEntity INFO {'Content-Length': '46', 'Content-Type': 'application/x-www-form-urlencoded', 'X-Custom': 'Test'}
2019-05-22 10:22:20,002 NamedEntity INFO text=Tarina+kertoo+kolmesta+rosvosta&locale=fi
2019-05-22 10:22:20,114 NamedEntity INFO {'Content-Length': '48', 'Content-Type': 'application/x-www-form-urlencoded', 'X-Custom': 'Test'}
2019-05-22 10:22:20,114 NamedEntity INFO text=nimilt%C3%A4%C3%A4n+Kasper+Kataja&locale=fi
2019-05-22 10:22:20,212 NamedEntity INFO {'Content-Length': '30', 'Content-Type': 'application/x-www-form-urlencoded', 'X-Custom': 'Test'}
2019-05-22 10:22:20,212 NamedEntity INFO text=Jesper+Virtanen&locale=fi
2019-05-22 10:22:20,256 NamedEntity INFO {'Content-Length': '33', 'Content-Type': 'application/x-www-form-urlencoded', 'X-Custom': 'Test'}
2019-05-22 10:22:20,256 NamedEntity INFO text=Joonatan+Korhonen.&locale=fi
2019-05-22 10:22:20,324 NamedEntity INFO {'Content-Length': '65', 'Content-Type': 'application/x-www-form-urlencoded', 'X-Custom': 'Test'}
2019-05-22 10:22:20,325 NamedEntity INFO text=He+k%C3%A4yv%C3%A4t+aina+y%C3%B6ll%C3%A4+varkaissa&locale=fi
2019-05-22 10:22:20,432 NamedEntity INFO {'Content-Length': '41', 'Content-Type': 'application/x-www-form-urlencoded', 'X-Custom': 'Test'}
2019-05-22 10:22:20,432 NamedEntity INFO text=ottavat+vain+tarpeellista.&locale=fi
2019-05-22 10:22:20,707 NamedEntity INFO {'Content-Length': '60', 'Content-Type': 'application/x-www-form-urlencoded', 'X-Custom': 'Test'}
2019-05-22 10:22:20,707 NamedEntity INFO text=He+asuvat+kaupungissa+nimelt%C3%A4+Kardemumma&locale=fi
2019-05-22 10:22:20,853 NamedEntity INFO {'Content-Length': '55', 'Content-Type': 'application/x-www-form-urlencoded', 'X-Custom': 'Test'}
2019-05-22 10:22:20,854 NamedEntity INFO text=jossa+on+paljon+hullunkurisia+asukkaita.&locale=fi
2019-05-22 10:22:20,948 NamedEntity INFO {'Content-Length': '61', 'Content-Type': 'application/x-www-form-urlencoded', 'X-Custom': 'Test'}
2019-05-22 10:22:20,948 NamedEntity INFO text=S%C3%A4%C3%A4n+he+saavat+tietoonsa+Topiakselta&locale=fi
2019-05-22 10:22:21,089 NamedEntity INFO {'Content-Length': '65', 'Content-Type': 'application/x-www-form-urlencoded', 'X-Custom': 'Test'}
2019-05-22 10:22:21,089 NamedEntity INFO text=ja+kaupunkia+vartioi+kiltti+poliisimestari+Paavali&locale=fi
2019-05-22 10:22:21,193 NamedEntity INFO {'Content-Length': '57', 'Content-Type': 'application/x-www-form-urlencoded', 'X-Custom': 'Test'}
2019-05-22 10:22:21,194 NamedEntity INFO text=joka+ei+haluaisi+vangita+ket%C3%A4%C3%A4n.&locale=fi
2019-05-22 10:22:21,294 NamedEntity INFO {'Content-Length': '49', 'Content-Type': 'application/x-www-form-urlencoded', 'X-Custom': 'Test'}
2019-05-22 10:22:21,294 NamedEntity INFO text=Rosvoilla+taas+on+kotonaan+leijona&locale=fi
2019-05-22 10:22:21,398 NamedEntity INFO {'Content-Length': '90', 'Content-Type': 'application/x-www-form-urlencoded', 'X-Custom': 'Test'}
2019-05-22 10:22:21,398 NamedEntity INFO text=jonka+takia+kukaan+ei+k%C3%A4y+pid%C3%A4tt%C3%A4m%C3%A4ss%C3%A4+heit%C3%A4.&locale=fi
2019-05-22 10:25:13,783 NamedEntity INFO {'Content-Length': '46', 'X-Custom': 'Test', 'Content-Type': 'application/x-www-form-urlencoded'}
2019-05-22 10:25:13,783 NamedEntity INFO text=Tarina+kertoo+kolmesta+rosvosta&locale=fi
2019-05-22 10:25:13,851 NamedEntity INFO {'Content-Length': '48', 'X-Custom': 'Test', 'Content-Type': 'application/x-www-form-urlencoded'}
2019-05-22 10:25:13,852 NamedEntity INFO text=nimilt%C3%A4%C3%A4n+Kasper+Kataja&locale=fi
2019-05-22 10:25:13,934 NamedEntity INFO {'Content-Length': '30', 'X-Custom': 'Test', 'Content-Type': 'application/x-www-form-urlencoded'}
2019-05-22 10:25:13,934 NamedEntity INFO text=Jesper+Virtanen&locale=fi
2019-05-22 10:25:14,019 NamedEntity INFO {'Content-Length': '33', 'X-Custom': 'Test', 'Content-Type': 'application/x-www-form-urlencoded'}
2019-05-22 10:25:14,020 NamedEntity INFO text=Joonatan+Korhonen.&locale=fi
2019-05-22 10:25:14,110 NamedEntity INFO {'Content-Length': '65', 'X-Custom': 'Test', 'Content-Type': 'application/x-www-form-urlencoded'}
2019-05-22 10:25:14,111 NamedEntity INFO text=He+k%C3%A4yv%C3%A4t+aina+y%C3%B6ll%C3%A4+varkaissa&locale=fi
2019-05-22 10:25:14,210 NamedEntity INFO {'Content-Length': '41', 'X-Custom': 'Test', 'Content-Type': 'application/x-www-form-urlencoded'}
2019-05-22 10:25:14,210 NamedEntity INFO text=ottavat+vain+tarpeellista.&locale=fi
2019-05-22 10:25:14,303 NamedEntity INFO {'Content-Length': '60', 'X-Custom': 'Test', 'Content-Type': 'application/x-www-form-urlencoded'}
2019-05-22 10:25:14,303 NamedEntity INFO text=He+asuvat+kaupungissa+nimelt%C3%A4+Kardemumma&locale=fi
2019-05-22 10:25:14,366 NamedEntity INFO {'Content-Length': '55', 'X-Custom': 'Test', 'Content-Type': 'application/x-www-form-urlencoded'}
2019-05-22 10:25:14,366 NamedEntity INFO text=jossa+on+paljon+hullunkurisia+asukkaita.&locale=fi
2019-05-22 10:25:14,430 NamedEntity INFO {'Content-Length': '61', 'X-Custom': 'Test', 'Content-Type': 'application/x-www-form-urlencoded'}
2019-05-22 10:25:14,430 NamedEntity INFO text=S%C3%A4%C3%A4n+he+saavat+tietoonsa+Topiakselta&locale=fi
2019-05-22 10:25:14,682 NamedEntity INFO {'Content-Length': '65', 'X-Custom': 'Test', 'Content-Type': 'application/x-www-form-urlencoded'}
2019-05-22 10:25:14,683 NamedEntity INFO text=ja+kaupunkia+vartioi+kiltti+poliisimestari+Paavali&locale=fi
2019-05-22 10:25:14,749 NamedEntity INFO {'Content-Length': '57', 'X-Custom': 'Test', 'Content-Type': 'application/x-www-form-urlencoded'}
2019-05-22 10:25:14,749 NamedEntity INFO text=joka+ei+haluaisi+vangita+ket%C3%A4%C3%A4n.&locale=fi
2019-05-22 10:25:14,852 NamedEntity INFO {'Content-Length': '49', 'X-Custom': 'Test', 'Content-Type': 'application/x-www-form-urlencoded'}
2019-05-22 10:25:14,852 NamedEntity INFO text=Rosvoilla+taas+on+kotonaan+leijona&locale=fi
2019-05-22 10:25:14,950 NamedEntity INFO {'Content-Length': '90', 'X-Custom': 'Test', 'Content-Type': 'application/x-www-form-urlencoded'}
2019-05-22 10:25:14,950 NamedEntity INFO text=jonka+takia+kukaan+ei+k%C3%A4y+pid%C3%A4tt%C3%A4m%C3%A4ss%C3%A4+heit%C3%A4.&locale=fi
2019-05-22 10:25:49,212 NamedEntity INFO {'X-Custom': 'Test', 'Content-Type': 'application/x-www-form-urlencoded', 'Content-Length': '46'}
2019-05-22 10:25:49,212 NamedEntity INFO text=Tarina+kertoo+kolmesta+rosvosta&locale=fi
2019-05-22 10:25:49,320 NamedEntity INFO {'X-Custom': 'Test', 'Content-Type': 'application/x-www-form-urlencoded', 'Content-Length': '48'}
2019-05-22 10:25:49,320 NamedEntity INFO text=nimilt%C3%A4%C3%A4n+Kasper+Kataja&locale=fi
2019-05-22 10:25:49,420 NamedEntity INFO {'X-Custom': 'Test', 'Content-Type': 'application/x-www-form-urlencoded', 'Content-Length': '30'}
2019-05-22 10:25:49,420 NamedEntity INFO text=Jesper+Virtanen&locale=fi
2019-05-22 10:25:49,515 NamedEntity INFO {'X-Custom': 'Test', 'Content-Type': 'application/x-www-form-urlencoded', 'Content-Length': '33'}
2019-05-22 10:25:49,516 NamedEntity INFO text=Joonatan+Korhonen.&locale=fi
2019-05-22 10:25:49,620 NamedEntity INFO {'X-Custom': 'Test', 'Content-Type': 'application/x-www-form-urlencoded', 'Content-Length': '65'}
2019-05-22 10:25:49,620 NamedEntity INFO text=He+k%C3%A4yv%C3%A4t+aina+y%C3%B6ll%C3%A4+varkaissa&locale=fi
2019-05-22 10:25:49,741 NamedEntity INFO {'X-Custom': 'Test', 'Content-Type': 'application/x-www-form-urlencoded', 'Content-Length': '41'}
2019-05-22 10:25:49,742 NamedEntity INFO text=ottavat+vain+tarpeellista.&locale=fi
2019-05-22 10:25:49,824 NamedEntity INFO {'X-Custom': 'Test', 'Content-Type': 'application/x-www-form-urlencoded', 'Content-Length': '60'}
2019-05-22 10:25:49,825 NamedEntity INFO text=He+asuvat+kaupungissa+nimelt%C3%A4+Kardemumma&locale=fi
2019-05-22 10:25:49,938 NamedEntity INFO {'X-Custom': 'Test', 'Content-Type': 'application/x-www-form-urlencoded', 'Content-Length': '55'}
2019-05-22 10:25:49,939 NamedEntity INFO text=jossa+on+paljon+hullunkurisia+asukkaita.&locale=fi
2019-05-22 10:25:50,216 NamedEntity INFO {'X-Custom': 'Test', 'Content-Type': 'application/x-www-form-urlencoded', 'Content-Length': '61'}
2019-05-22 10:25:50,216 NamedEntity INFO text=S%C3%A4%C3%A4n+he+saavat+tietoonsa+Topiakselta&locale=fi
2019-05-22 10:25:50,261 NamedEntity INFO {'X-Custom': 'Test', 'Content-Type': 'application/x-www-form-urlencoded', 'Content-Length': '65'}
2019-05-22 10:25:50,261 NamedEntity INFO text=ja+kaupunkia+vartioi+kiltti+poliisimestari+Paavali&locale=fi
2019-05-22 10:25:50,360 NamedEntity INFO {'X-Custom': 'Test', 'Content-Type': 'application/x-www-form-urlencoded', 'Content-Length': '57'}
2019-05-22 10:25:50,360 NamedEntity INFO text=joka+ei+haluaisi+vangita+ket%C3%A4%C3%A4n.&locale=fi
2019-05-22 10:25:50,428 NamedEntity INFO {'X-Custom': 'Test', 'Content-Type': 'application/x-www-form-urlencoded', 'Content-Length': '49'}
2019-05-22 10:25:50,428 NamedEntity INFO text=Rosvoilla+taas+on+kotonaan+leijona&locale=fi
2019-05-22 10:25:50,523 NamedEntity INFO {'X-Custom': 'Test', 'Content-Type': 'application/x-www-form-urlencoded', 'Content-Length': '90'}
2019-05-22 10:25:50,523 NamedEntity INFO text=jonka+takia+kukaan+ei+k%C3%A4y+pid%C3%A4tt%C3%A4m%C3%A4ss%C3%A4+heit%C3%A4.&locale=fi
2019-05-22 10:26:39,246 NamedEntity INFO {'Content-Type': 'application/x-www-form-urlencoded', 'Content-Length': '46', 'X-Custom': 'Test'}
2019-05-22 10:26:39,246 NamedEntity INFO locale=fi&text=Tarina+kertoo+kolmesta+rosvosta
2019-05-22 10:26:39,346 NamedEntity INFO {'Content-Type': 'application/x-www-form-urlencoded', 'Content-Length': '48', 'X-Custom': 'Test'}
2019-05-22 10:26:39,347 NamedEntity INFO locale=fi&text=nimilt%C3%A4%C3%A4n+Kasper+Kataja
2019-05-22 10:26:39,441 NamedEntity INFO {'Content-Type': 'application/x-www-form-urlencoded', 'Content-Length': '30', 'X-Custom': 'Test'}
2019-05-22 10:26:39,441 NamedEntity INFO locale=fi&text=Jesper+Virtanen
2019-05-22 10:26:39,538 NamedEntity INFO {'Content-Type': 'application/x-www-form-urlencoded', 'Content-Length': '33', 'X-Custom': 'Test'}
2019-05-22 10:26:39,538 NamedEntity INFO locale=fi&text=Joonatan+Korhonen.
2019-05-22 10:26:39,626 NamedEntity INFO {'Content-Type': 'application/x-www-form-urlencoded', 'Content-Length': '65', 'X-Custom': 'Test'}
2019-05-22 10:26:39,627 NamedEntity INFO locale=fi&text=He+k%C3%A4yv%C3%A4t+aina+y%C3%B6ll%C3%A4+varkaissa
2019-05-22 10:26:39,727 NamedEntity INFO {'Content-Type': 'application/x-www-form-urlencoded', 'Content-Length': '41', 'X-Custom': 'Test'}
2019-05-22 10:26:39,728 NamedEntity INFO locale=fi&text=ottavat+vain+tarpeellista.
2019-05-22 10:26:39,832 NamedEntity INFO {'Content-Type': 'application/x-www-form-urlencoded', 'Content-Length': '60', 'X-Custom': 'Test'}
2019-05-22 10:26:39,833 NamedEntity INFO locale=fi&text=He+asuvat+kaupungissa+nimelt%C3%A4+Kardemumma
2019-05-22 10:26:39,946 NamedEntity INFO {'Content-Type': 'application/x-www-form-urlencoded', 'Content-Length': '55', 'X-Custom': 'Test'}
2019-05-22 10:26:39,946 NamedEntity INFO locale=fi&text=jossa+on+paljon+hullunkurisia+asukkaita.
2019-05-22 10:26:40,031 NamedEntity INFO {'Content-Type': 'application/x-www-form-urlencoded', 'Content-Length': '61', 'X-Custom': 'Test'}
2019-05-22 10:26:40,031 NamedEntity INFO locale=fi&text=S%C3%A4%C3%A4n+he+saavat+tietoonsa+Topiakselta
2019-05-22 10:26:40,110 NamedEntity INFO {'Content-Type': 'application/x-www-form-urlencoded', 'Content-Length': '65', 'X-Custom': 'Test'}
2019-05-22 10:26:40,111 NamedEntity INFO locale=fi&text=ja+kaupunkia+vartioi+kiltti+poliisimestari+Paavali
2019-05-22 10:26:40,197 NamedEntity INFO {'Content-Type': 'application/x-www-form-urlencoded', 'Content-Length': '57', 'X-Custom': 'Test'}
2019-05-22 10:26:40,197 NamedEntity INFO locale=fi&text=joka+ei+haluaisi+vangita+ket%C3%A4%C3%A4n.
2019-05-22 10:26:40,304 NamedEntity INFO {'Content-Type': 'application/x-www-form-urlencoded', 'Content-Length': '49', 'X-Custom': 'Test'}
2019-05-22 10:26:40,304 NamedEntity INFO locale=fi&text=Rosvoilla+taas+on+kotonaan+leijona
2019-05-22 10:26:40,394 NamedEntity INFO {'Content-Type': 'application/x-www-form-urlencoded', 'Content-Length': '90', 'X-Custom': 'Test'}
2019-05-22 10:26:40,394 NamedEntity INFO locale=fi&text=jonka+takia+kukaan+ei+k%C3%A4y+pid%C3%A4tt%C3%A4m%C3%A4ss%C3%A4+heit%C3%A4.
2019-05-22 10:28:47,661 NamedEntity INFO {'X-Custom': 'Test', 'Content-Length': '46', 'Content-Type': 'application/x-www-form-urlencoded'}
2019-05-22 10:28:47,661 NamedEntity INFO locale=fi&text=Tarina+kertoo+kolmesta+rosvosta
2019-05-22 10:28:47,744 NamedEntity INFO {'X-Custom': 'Test', 'Content-Length': '48', 'Content-Type': 'application/x-www-form-urlencoded'}
2019-05-22 10:28:47,744 NamedEntity INFO locale=fi&text=nimilt%C3%A4%C3%A4n+Kasper+Kataja
2019-05-22 10:28:47,839 NamedEntity INFO {'X-Custom': 'Test', 'Content-Length': '30', 'Content-Type': 'application/x-www-form-urlencoded'}
2019-05-22 10:28:47,839 NamedEntity INFO locale=fi&text=Jesper+Virtanen
2019-05-22 10:28:47,924 NamedEntity INFO {'X-Custom': 'Test', 'Content-Length': '33', 'Content-Type': 'application/x-www-form-urlencoded'}
2019-05-22 10:28:47,924 NamedEntity INFO locale=fi&text=Joonatan+Korhonen.
2019-05-22 10:28:47,957 NamedEntity INFO {'X-Custom': 'Test', 'Content-Length': '65', 'Content-Type': 'application/x-www-form-urlencoded'}
2019-05-22 10:28:47,957 NamedEntity INFO locale=fi&text=He+k%C3%A4yv%C3%A4t+aina+y%C3%B6ll%C3%A4+varkaissa
2019-05-22 10:28:48,038 NamedEntity INFO {'X-Custom': 'Test', 'Content-Length': '41', 'Content-Type': 'application/x-www-form-urlencoded'}
2019-05-22 10:28:48,038 NamedEntity INFO locale=fi&text=ottavat+vain+tarpeellista.
2019-05-22 10:28:48,286 NamedEntity INFO {'X-Custom': 'Test', 'Content-Length': '60', 'Content-Type': 'application/x-www-form-urlencoded'}
2019-05-22 10:28:48,286 NamedEntity INFO locale=fi&text=He+asuvat+kaupungissa+nimelt%C3%A4+Kardemumma
2019-05-22 10:28:48,358 NamedEntity INFO {'X-Custom': 'Test', 'Content-Length': '55', 'Content-Type': 'application/x-www-form-urlencoded'}
2019-05-22 10:28:48,358 NamedEntity INFO locale=fi&text=jossa+on+paljon+hullunkurisia+asukkaita.
2019-05-22 10:28:48,456 NamedEntity INFO {'X-Custom': 'Test', 'Content-Length': '61', 'Content-Type': 'application/x-www-form-urlencoded'}
2019-05-22 10:28:48,456 NamedEntity INFO locale=fi&text=S%C3%A4%C3%A4n+he+saavat+tietoonsa+Topiakselta
2019-05-22 10:28:48,552 NamedEntity INFO {'X-Custom': 'Test', 'Content-Length': '65', 'Content-Type': 'application/x-www-form-urlencoded'}
2019-05-22 10:28:48,552 NamedEntity INFO locale=fi&text=ja+kaupunkia+vartioi+kiltti+poliisimestari+Paavali
2019-05-22 10:28:48,637 NamedEntity INFO {'X-Custom': 'Test', 'Content-Length': '57', 'Content-Type': 'application/x-www-form-urlencoded'}
2019-05-22 10:28:48,637 NamedEntity INFO locale=fi&text=joka+ei+haluaisi+vangita+ket%C3%A4%C3%A4n.
2019-05-22 10:28:48,717 NamedEntity INFO {'X-Custom': 'Test', 'Content-Length': '49', 'Content-Type': 'application/x-www-form-urlencoded'}
2019-05-22 10:28:48,717 NamedEntity INFO locale=fi&text=Rosvoilla+taas+on+kotonaan+leijona
2019-05-22 10:28:48,806 NamedEntity INFO {'X-Custom': 'Test', 'Content-Length': '90', 'Content-Type': 'application/x-www-form-urlencoded'}
2019-05-22 10:28:48,806 NamedEntity INFO locale=fi&text=jonka+takia+kukaan+ei+k%C3%A4y+pid%C3%A4tt%C3%A4m%C3%A4ss%C3%A4+heit%C3%A4.
